<?xml version="1.0" encoding="UTF-8"?>
<testsuite name="com.db.retailmanager.RetailmanagerserviceApplicationTests" tests="3" skipped="0" failures="0" errors="0" timestamp="2017-11-08T16:53:13" hostname="aadvik" time="1.095">
  <properties/>
  <testcase name="getShopsTest" classname="com.db.retailmanager.RetailmanagerserviceApplicationTests" time="0.932"/>
  <testcase name="addShopTest" classname="com.db.retailmanager.RetailmanagerserviceApplicationTests" time="0.154"/>
  <testcase name="contextLoads" classname="com.db.retailmanager.RetailmanagerserviceApplicationTests" time="0.007"/>
  <system-out><![CDATA[2017-11-08 22:23:12.486  INFO 14944 --- [    Test worker] .b.t.c.SpringBootTestContextBootstrapper : Neither @ContextConfiguration nor @ContextHierarchy found for test class [com.db.retailmanager.RetailmanagerserviceApplicationTests], using SpringBootContextLoader
2017-11-08 22:23:12.486  INFO 14944 --- [    Test worker] o.s.t.c.support.AbstractContextLoader    : Could not detect default resource locations for test class [com.db.retailmanager.RetailmanagerserviceApplicationTests]: no resource found for suffixes {-context.xml, Context.groovy}.
2017-11-08 22:23:12.486  INFO 14944 --- [    Test worker] t.c.s.AnnotationConfigContextLoaderUtils : Could not detect default configuration classes for test class [com.db.retailmanager.RetailmanagerserviceApplicationTests]: RetailmanagerserviceApplicationTests does not declare any static, non-private, non-final, nested classes annotated with @Configuration.
2017-11-08 22:23:12.486  INFO 14944 --- [    Test worker] .b.t.c.SpringBootTestContextBootstrapper : Found @SpringBootConfiguration com.db.retailmanager.RetailManagerApplication for test class com.db.retailmanager.RetailmanagerserviceApplicationTests
2017-11-08 22:23:12.502  INFO 14944 --- [    Test worker] .b.t.c.SpringBootTestContextBootstrapper : Loaded default TestExecutionListener class names from location [META-INF/spring.factories]: [org.springframework.boot.test.autoconfigure.restdocs.RestDocsTestExecutionListener, org.springframework.boot.test.autoconfigure.web.client.MockRestServiceServerResetTestExecutionListener, org.springframework.boot.test.autoconfigure.web.servlet.MockMvcPrintOnlyOnFailureTestExecutionListener, org.springframework.boot.test.autoconfigure.web.servlet.WebDriverTestExecutionListener, org.springframework.boot.test.mock.mockito.MockitoTestExecutionListener, org.springframework.boot.test.mock.mockito.ResetMocksTestExecutionListener, org.springframework.test.context.web.ServletTestExecutionListener, org.springframework.test.context.support.DirtiesContextBeforeModesTestExecutionListener, org.springframework.test.context.support.DependencyInjectionTestExecutionListener, org.springframework.test.context.support.DirtiesContextTestExecutionListener, org.springframework.test.context.transaction.TransactionalTestExecutionListener, org.springframework.test.context.jdbc.SqlScriptsTestExecutionListener]
2017-11-08 22:23:12.502  INFO 14944 --- [    Test worker] .b.t.c.SpringBootTestContextBootstrapper : Could not instantiate TestExecutionListener [org.springframework.test.context.transaction.TransactionalTestExecutionListener]. Specify custom listener classes or make the default listener classes (and their required dependencies) available. Offending class: [org/springframework/transaction/interceptor/TransactionAttributeSource]
2017-11-08 22:23:12.502  INFO 14944 --- [    Test worker] .b.t.c.SpringBootTestContextBootstrapper : Could not instantiate TestExecutionListener [org.springframework.test.context.jdbc.SqlScriptsTestExecutionListener]. Specify custom listener classes or make the default listener classes (and their required dependencies) available. Offending class: [org/springframework/transaction/interceptor/TransactionAttribute]
2017-11-08 22:23:12.502  INFO 14944 --- [    Test worker] .b.t.c.SpringBootTestContextBootstrapper : Using TestExecutionListeners: [org.springframework.test.context.web.ServletTestExecutionListener@7317bd6e, org.springframework.test.context.support.DirtiesContextBeforeModesTestExecutionListener@519fb355, org.springframework.boot.test.autoconfigure.SpringBootDependencyInjectionTestExecutionListener@14f4b2bd, org.springframework.test.context.support.DirtiesContextTestExecutionListener@1386c038, org.springframework.boot.test.autoconfigure.web.servlet.WebDriverTestExecutionListener@5d34e3eb, org.springframework.boot.test.mock.mockito.MockitoTestExecutionListener@719de603, org.springframework.boot.test.autoconfigure.web.client.MockRestServiceServerResetTestExecutionListener@40cdd3d7, org.springframework.boot.test.mock.mockito.ResetMocksTestExecutionListener@65ef5cf6, org.springframework.boot.test.autoconfigure.restdocs.RestDocsTestExecutionListener@1fbed01b, org.springframework.boot.test.autoconfigure.web.servlet.MockMvcPrintOnlyOnFailureTestExecutionListener@18d9011]

  .   ____          _            __ _ _
 /\\ / ___'_ __ _ _(_)_ __  __ _ \ \ \ \
( ( )\___ | '_ | '_| | '_ \/ _` | \ \ \ \
 \\/  ___)| |_)| | | | | || (_| |  ) ) ) )
  '  |____| .__|_| |_|_| |_\__, | / / / /
 =========|_|==============|___/=/_/_/_/
 :: Spring Boot ::        (v1.5.8.RELEASE)

2017-11-08 22:23:12.564  INFO 14944 --- [    Test worker] d.r.RetailmanagerserviceApplicationTests : Starting RetailmanagerserviceApplicationTests on aadvik with PID 14944 (started by aadvik in D:\github\RetailManagerService)
2017-11-08 22:23:12.564  INFO 14944 --- [    Test worker] d.r.RetailmanagerserviceApplicationTests : No active profile set, falling back to default profiles: default
2017-11-08 22:23:12.567  INFO 14944 --- [    Test worker] o.s.w.c.s.GenericWebApplicationContext   : Refreshing org.springframework.web.context.support.GenericWebApplicationContext@469489e9: startup date [Wed Nov 08 22:23:12 IST 2017]; root of context hierarchy
2017-11-08 22:23:13.365  INFO 14944 --- [    Test worker] s.w.s.m.m.a.RequestMappingHandlerAdapter : Looking for @ControllerAdvice: org.springframework.web.context.support.GenericWebApplicationContext@469489e9: startup date [Wed Nov 08 22:23:12 IST 2017]; root of context hierarchy
2017-11-08 22:23:13.381  INFO 14944 --- [    Test worker] s.w.s.m.m.a.RequestMappingHandlerMapping : Mapped "{[/],methods=[GET]}" onto public java.lang.String com.db.retailmanager.api.RetailManagerController.getInfo()
2017-11-08 22:23:13.381  INFO 14944 --- [    Test worker] s.w.s.m.m.a.RequestMappingHandlerMapping : Mapped "{[/api/shops],methods=[POST],consumes=[application/json],produces=[application/json]}" onto public org.springframework.http.ResponseEntity<com.db.retailmanager.api.RetailManagerResponse> com.db.retailmanager.api.RetailManagerController.addShop(com.db.retailmanager.api.RetailManagerRequest)
2017-11-08 22:23:13.381  INFO 14944 --- [    Test worker] s.w.s.m.m.a.RequestMappingHandlerMapping : Mapped "{[/api/shops],methods=[GET],produces=[application/json]}" onto public org.springframework.http.ResponseEntity<java.util.Collection<com.db.retailmanager.api.RetailManagerResponse>> com.db.retailmanager.api.RetailManagerController.getShops(java.lang.Float,java.lang.Float)
2017-11-08 22:23:13.397  INFO 14944 --- [    Test worker] s.w.s.m.m.a.RequestMappingHandlerMapping : Mapped "{[/error]}" onto public org.springframework.http.ResponseEntity<java.util.Map<java.lang.String, java.lang.Object>> org.springframework.boot.autoconfigure.web.BasicErrorController.error(javax.servlet.http.HttpServletRequest)
2017-11-08 22:23:13.397  INFO 14944 --- [    Test worker] s.w.s.m.m.a.RequestMappingHandlerMapping : Mapped "{[/error],produces=[text/html]}" onto public org.springframework.web.servlet.ModelAndView org.springframework.boot.autoconfigure.web.BasicErrorController.errorHtml(javax.servlet.http.HttpServletRequest,javax.servlet.http.HttpServletResponse)
2017-11-08 22:23:13.432  INFO 14944 --- [    Test worker] o.s.w.s.handler.SimpleUrlHandlerMapping  : Mapped URL path [/webjars/**] onto handler of type [class org.springframework.web.servlet.resource.ResourceHttpRequestHandler]
2017-11-08 22:23:13.432  INFO 14944 --- [    Test worker] o.s.w.s.handler.SimpleUrlHandlerMapping  : Mapped URL path [/**] onto handler of type [class org.springframework.web.servlet.resource.ResourceHttpRequestHandler]
2017-11-08 22:23:13.448  INFO 14944 --- [    Test worker] .m.m.a.ExceptionHandlerExceptionResolver : Detected @ExceptionHandler methods in exceptionControllerAdvice
2017-11-08 22:23:13.463  INFO 14944 --- [    Test worker] o.s.w.s.handler.SimpleUrlHandlerMapping  : Mapped URL path [/**/favicon.ico] onto handler of type [class org.springframework.web.servlet.resource.ResourceHttpRequestHandler]
2017-11-08 22:23:13.724  INFO 14944 --- [    Test worker] o.s.b.a.e.mvc.EndpointHandlerMapping     : Mapped "{[/dump || /dump.json],methods=[GET],produces=[application/vnd.spring-boot.actuator.v1+json || application/json]}" onto public java.lang.Object org.springframework.boot.actuate.endpoint.mvc.EndpointMvcAdapter.invoke()
2017-11-08 22:23:13.724  INFO 14944 --- [    Test worker] o.s.b.a.e.mvc.EndpointHandlerMapping     : Mapped "{[/heapdump || /heapdump.json],methods=[GET],produces=[application/octet-stream]}" onto public void org.springframework.boot.actuate.endpoint.mvc.HeapdumpMvcEndpoint.invoke(boolean,javax.servlet.http.HttpServletRequest,javax.servlet.http.HttpServletResponse) throws java.io.IOException,javax.servlet.ServletException
2017-11-08 22:23:13.724  INFO 14944 --- [    Test worker] o.s.b.a.e.mvc.EndpointHandlerMapping     : Mapped "{[/metrics/{name:.*}],methods=[GET],produces=[application/vnd.spring-boot.actuator.v1+json || application/json]}" onto public java.lang.Object org.springframework.boot.actuate.endpoint.mvc.MetricsMvcEndpoint.value(java.lang.String)
2017-11-08 22:23:13.724  INFO 14944 --- [    Test worker] o.s.b.a.e.mvc.EndpointHandlerMapping     : Mapped "{[/metrics || /metrics.json],methods=[GET],produces=[application/vnd.spring-boot.actuator.v1+json || application/json]}" onto public java.lang.Object org.springframework.boot.actuate.endpoint.mvc.EndpointMvcAdapter.invoke()
2017-11-08 22:23:13.740  INFO 14944 --- [    Test worker] o.s.b.a.e.mvc.EndpointHandlerMapping     : Mapped "{[/env/{name:.*}],methods=[GET],produces=[application/vnd.spring-boot.actuator.v1+json || application/json]}" onto public java.lang.Object org.springframework.boot.actuate.endpoint.mvc.EnvironmentMvcEndpoint.value(java.lang.String)
2017-11-08 22:23:13.740  INFO 14944 --- [    Test worker] o.s.b.a.e.mvc.EndpointHandlerMapping     : Mapped "{[/env || /env.json],methods=[GET],produces=[application/vnd.spring-boot.actuator.v1+json || application/json]}" onto public java.lang.Object org.springframework.boot.actuate.endpoint.mvc.EndpointMvcAdapter.invoke()
2017-11-08 22:23:13.740  INFO 14944 --- [    Test worker] o.s.b.a.e.mvc.EndpointHandlerMapping     : Mapped "{[/auditevents || /auditevents.json],methods=[GET],produces=[application/vnd.spring-boot.actuator.v1+json || application/json]}" onto public org.springframework.http.ResponseEntity<?> org.springframework.boot.actuate.endpoint.mvc.AuditEventsMvcEndpoint.findByPrincipalAndAfterAndType(java.lang.String,java.util.Date,java.lang.String)
2017-11-08 22:23:13.740  INFO 14944 --- [    Test worker] o.s.b.a.e.mvc.EndpointHandlerMapping     : Mapped "{[/info || /info.json],methods=[GET],produces=[application/vnd.spring-boot.actuator.v1+json || application/json]}" onto public java.lang.Object org.springframework.boot.actuate.endpoint.mvc.EndpointMvcAdapter.invoke()
2017-11-08 22:23:13.740  INFO 14944 --- [    Test worker] o.s.b.a.e.mvc.EndpointHandlerMapping     : Mapped "{[/configprops || /configprops.json],methods=[GET],produces=[application/vnd.spring-boot.actuator.v1+json || application/json]}" onto public java.lang.Object org.springframework.boot.actuate.endpoint.mvc.EndpointMvcAdapter.invoke()
2017-11-08 22:23:13.740  INFO 14944 --- [    Test worker] o.s.b.a.e.mvc.EndpointHandlerMapping     : Mapped "{[/mappings || /mappings.json],methods=[GET],produces=[application/vnd.spring-boot.actuator.v1+json || application/json]}" onto public java.lang.Object org.springframework.boot.actuate.endpoint.mvc.EndpointMvcAdapter.invoke()
2017-11-08 22:23:13.740  INFO 14944 --- [    Test worker] o.s.b.a.e.mvc.EndpointHandlerMapping     : Mapped "{[/beans || /beans.json],methods=[GET],produces=[application/vnd.spring-boot.actuator.v1+json || application/json]}" onto public java.lang.Object org.springframework.boot.actuate.endpoint.mvc.EndpointMvcAdapter.invoke()
2017-11-08 22:23:13.740  INFO 14944 --- [    Test worker] o.s.b.a.e.mvc.EndpointHandlerMapping     : Mapped "{[/autoconfig || /autoconfig.json],methods=[GET],produces=[application/vnd.spring-boot.actuator.v1+json || application/json]}" onto public java.lang.Object org.springframework.boot.actuate.endpoint.mvc.EndpointMvcAdapter.invoke()
2017-11-08 22:23:13.740  INFO 14944 --- [    Test worker] o.s.b.a.e.mvc.EndpointHandlerMapping     : Mapped "{[/loggers/{name:.*}],methods=[GET],produces=[application/vnd.spring-boot.actuator.v1+json || application/json]}" onto public java.lang.Object org.springframework.boot.actuate.endpoint.mvc.LoggersMvcEndpoint.get(java.lang.String)
2017-11-08 22:23:13.740  INFO 14944 --- [    Test worker] o.s.b.a.e.mvc.EndpointHandlerMapping     : Mapped "{[/loggers/{name:.*}],methods=[POST],consumes=[application/vnd.spring-boot.actuator.v1+json || application/json],produces=[application/vnd.spring-boot.actuator.v1+json || application/json]}" onto public java.lang.Object org.springframework.boot.actuate.endpoint.mvc.LoggersMvcEndpoint.set(java.lang.String,java.util.Map<java.lang.String, java.lang.String>)
2017-11-08 22:23:13.740  INFO 14944 --- [    Test worker] o.s.b.a.e.mvc.EndpointHandlerMapping     : Mapped "{[/loggers || /loggers.json],methods=[GET],produces=[application/vnd.spring-boot.actuator.v1+json || application/json]}" onto public java.lang.Object org.springframework.boot.actuate.endpoint.mvc.EndpointMvcAdapter.invoke()
2017-11-08 22:23:13.740  INFO 14944 --- [    Test worker] o.s.b.a.e.mvc.EndpointHandlerMapping     : Mapped "{[/health || /health.json],methods=[GET],produces=[application/vnd.spring-boot.actuator.v1+json || application/json]}" onto public java.lang.Object org.springframework.boot.actuate.endpoint.mvc.HealthMvcEndpoint.invoke(javax.servlet.http.HttpServletRequest,java.security.Principal)
2017-11-08 22:23:13.740  INFO 14944 --- [    Test worker] o.s.b.a.e.mvc.EndpointHandlerMapping     : Mapped "{[/trace || /trace.json],methods=[GET],produces=[application/vnd.spring-boot.actuator.v1+json || application/json]}" onto public java.lang.Object org.springframework.boot.actuate.endpoint.mvc.EndpointMvcAdapter.invoke()
2017-11-08 22:23:13.907  INFO 14944 --- [    Test worker] d.r.RetailmanagerserviceApplicationTests : Started RetailmanagerserviceApplicationTests in 1.389 seconds (JVM running for 6.323)
2017-11-08 22:23:13.923  INFO 14944 --- [    Test worker] o.s.b.t.m.w.SpringBootMockServletContext : Initializing Spring FrameworkServlet ''
2017-11-08 22:23:13.923  INFO 14944 --- [    Test worker] o.s.t.web.servlet.TestDispatcherServlet  : FrameworkServlet '': initialization started
2017-11-08 22:23:13.936  INFO 14944 --- [    Test worker] o.s.t.web.servlet.TestDispatcherServlet  : FrameworkServlet '': initialization completed in 13 ms
2017-11-08 22:23:13.991  INFO 14944 --- [    Test worker] com.google.maps.OkHttpRequestHandler     : Request: https://maps.googleapis.com/maps/api/geocode/json?key=AIzaSyD41-vtU2HGnTA3EHdiNWCQAT9YXl5emjw&latlng=13.09630489%2C80.28659058
2017-11-08 22:23:14.773  WARN 14944 --- [    Test worker] c.google.maps.internal.SafeEnumAdapter   : Unknown type for enum com.google.maps.model.AddressComponentType: 'store'
2017-11-08 22:23:14.773  WARN 14944 --- [    Test worker] c.google.maps.internal.SafeEnumAdapter   : Unknown type for enum com.google.maps.model.AddressType: 'store'
2017-11-08 22:23:14.850  INFO 14944 --- [    Test worker] o.s.b.t.m.w.SpringBootMockServletContext : Initializing Spring FrameworkServlet ''
2017-11-08 22:23:14.850  INFO 14944 --- [    Test worker] o.s.t.web.servlet.TestDispatcherServlet  : FrameworkServlet '': initialization started
2017-11-08 22:23:14.850  INFO 14944 --- [    Test worker] o.s.t.web.servlet.TestDispatcherServlet  : FrameworkServlet '': initialization completed in 0 ms
TEST - testAddShop - START
2017-11-08 22:23:14.913  INFO 14944 --- [    Test worker] com.google.maps.OkHttpRequestHandler     : Request: https://maps.googleapis.com/maps/api/geocode/json?key=AIzaSyD41-vtU2HGnTA3EHdiNWCQAT9YXl5emjw&components=postal_code%3A600001&address=123+chennai
TEST - testAddShop - content = {"shopName":"chennai","shopAddress":{"number":123,"postCode":"600001","shopGeoLocation":null},"shopLongitude":80.2865916,"shopLatitude":13.0963045}
TEST - testAddShop - status = 201
TEST - testAddShop - END
2017-11-08 22:23:15.007  INFO 14944 --- [    Test worker] o.s.b.t.m.w.SpringBootMockServletContext : Initializing Spring FrameworkServlet ''
2017-11-08 22:23:15.007  INFO 14944 --- [    Test worker] o.s.t.web.servlet.TestDispatcherServlet  : FrameworkServlet '': initialization started
2017-11-08 22:23:15.007  INFO 14944 --- [    Test worker] o.s.t.web.servlet.TestDispatcherServlet  : FrameworkServlet '': initialization completed in 0 ms
]]></system-out>
  <system-err><![CDATA[]]></system-err>
</testsuite>
