<?xml version="1.0" encoding="UTF-8"?>
<testsuite name="com.db.retailmanager.repository.RetailManagerRepositoryTest" tests="7" skipped="0" failures="0" errors="0" timestamp="2017-11-15T21:05:11" hostname="aadvik" time="5.078">
  <properties/>
  <testcase name="getInvalidShopTest" classname="com.db.retailmanager.repository.RetailManagerRepositoryTest" time="0.004"/>
  <testcase name="addShopTest" classname="com.db.retailmanager.repository.RetailManagerRepositoryTest" time="0.006"/>
  <testcase name="addShopConcurrencyTest" classname="com.db.retailmanager.repository.RetailManagerRepositoryTest" time="5.014"/>
  <testcase name="getShopByNameInvalidTest" classname="com.db.retailmanager.repository.RetailManagerRepositoryTest" time="0.012"/>
  <testcase name="updateShopTest" classname="com.db.retailmanager.repository.RetailManagerRepositoryTest" time="0.017"/>
  <testcase name="getShopByNameTest" classname="com.db.retailmanager.repository.RetailManagerRepositoryTest" time="0.008"/>
  <testcase name="getShopTest" classname="com.db.retailmanager.repository.RetailManagerRepositoryTest" time="0.006"/>
  <system-out><![CDATA[2017-11-16 02:35:09.586  INFO 7672 --- [    Test worker] .b.t.c.SpringBootTestContextBootstrapper : Neither @ContextConfiguration nor @ContextHierarchy found for test class [com.db.retailmanager.repository.RetailManagerRepositoryTest], using SpringBootContextLoader
2017-11-16 02:35:09.586  INFO 7672 --- [    Test worker] o.s.t.c.support.AbstractContextLoader    : Could not detect default resource locations for test class [com.db.retailmanager.repository.RetailManagerRepositoryTest]: no resource found for suffixes {-context.xml, Context.groovy}.
2017-11-16 02:35:09.586  INFO 7672 --- [    Test worker] t.c.s.AnnotationConfigContextLoaderUtils : Could not detect default configuration classes for test class [com.db.retailmanager.repository.RetailManagerRepositoryTest]: RetailManagerRepositoryTest does not declare any static, non-private, non-final, nested classes annotated with @Configuration.
2017-11-16 02:35:09.602  INFO 7672 --- [    Test worker] .b.t.c.SpringBootTestContextBootstrapper : Found @SpringBootConfiguration com.db.retailmanager.RetailManagerApplication for test class com.db.retailmanager.repository.RetailManagerRepositoryTest
2017-11-16 02:35:09.602  INFO 7672 --- [    Test worker] .b.t.c.SpringBootTestContextBootstrapper : Loaded default TestExecutionListener class names from location [META-INF/spring.factories]: [org.springframework.boot.test.autoconfigure.restdocs.RestDocsTestExecutionListener, org.springframework.boot.test.autoconfigure.web.client.MockRestServiceServerResetTestExecutionListener, org.springframework.boot.test.autoconfigure.web.servlet.MockMvcPrintOnlyOnFailureTestExecutionListener, org.springframework.boot.test.autoconfigure.web.servlet.WebDriverTestExecutionListener, org.springframework.boot.test.mock.mockito.MockitoTestExecutionListener, org.springframework.boot.test.mock.mockito.ResetMocksTestExecutionListener, org.springframework.test.context.web.ServletTestExecutionListener, org.springframework.test.context.support.DirtiesContextBeforeModesTestExecutionListener, org.springframework.test.context.support.DependencyInjectionTestExecutionListener, org.springframework.test.context.support.DirtiesContextTestExecutionListener, org.springframework.test.context.transaction.TransactionalTestExecutionListener, org.springframework.test.context.jdbc.SqlScriptsTestExecutionListener]
2017-11-16 02:35:09.618  INFO 7672 --- [    Test worker] .b.t.c.SpringBootTestContextBootstrapper : Could not instantiate TestExecutionListener [org.springframework.test.context.transaction.TransactionalTestExecutionListener]. Specify custom listener classes or make the default listener classes (and their required dependencies) available. Offending class: [org/springframework/transaction/interceptor/TransactionAttributeSource]
2017-11-16 02:35:09.618  INFO 7672 --- [    Test worker] .b.t.c.SpringBootTestContextBootstrapper : Could not instantiate TestExecutionListener [org.springframework.test.context.jdbc.SqlScriptsTestExecutionListener]. Specify custom listener classes or make the default listener classes (and their required dependencies) available. Offending class: [org/springframework/transaction/interceptor/TransactionAttribute]
2017-11-16 02:35:09.618  INFO 7672 --- [    Test worker] .b.t.c.SpringBootTestContextBootstrapper : Using TestExecutionListeners: [org.springframework.test.context.web.ServletTestExecutionListener@190e4a09, org.springframework.test.context.support.DirtiesContextBeforeModesTestExecutionListener@51715591, org.springframework.boot.test.autoconfigure.SpringBootDependencyInjectionTestExecutionListener@6c3bf7f2, org.springframework.test.context.support.DirtiesContextTestExecutionListener@1a0da0e5, org.springframework.boot.test.autoconfigure.web.servlet.WebDriverTestExecutionListener@7138ffaf, org.springframework.boot.test.mock.mockito.MockitoTestExecutionListener@2a3ef1c4, org.springframework.boot.test.autoconfigure.web.client.MockRestServiceServerResetTestExecutionListener@19090716, org.springframework.boot.test.mock.mockito.ResetMocksTestExecutionListener@6e74865a, org.springframework.boot.test.autoconfigure.restdocs.RestDocsTestExecutionListener@5807c9bc, org.springframework.boot.test.autoconfigure.web.servlet.MockMvcPrintOnlyOnFailureTestExecutionListener@5eab3a9]

  .   ____          _            __ _ _
 /\\ / ___'_ __ _ _(_)_ __  __ _ \ \ \ \
( ( )\___ | '_ | '_| | '_ \/ _` | \ \ \ \
 \\/  ___)| |_)| | | | | || (_| |  ) ) ) )
  '  |____| .__|_| |_|_| |_\__, | / / / /
 =========|_|==============|___/=/_/_/_/
 :: Spring Boot ::        (v1.5.8.RELEASE)

2017-11-16 02:35:09.664  INFO 7672 --- [    Test worker] c.d.r.r.RetailManagerRepositoryTest      : Starting RetailManagerRepositoryTest on aadvik with PID 7672 (started by aadvik in D:\github\RetailManagerService)
2017-11-16 02:35:09.664  INFO 7672 --- [    Test worker] c.d.r.r.RetailManagerRepositoryTest      : No active profile set, falling back to default profiles: default
2017-11-16 02:35:09.664  INFO 7672 --- [    Test worker] o.s.w.c.s.GenericWebApplicationContext   : Refreshing org.springframework.web.context.support.GenericWebApplicationContext@1a014053: startup date [Thu Nov 16 02:35:09 IST 2017]; root of context hierarchy
2017-11-16 02:35:10.209  INFO 7672 --- [    Test worker] c.d.r.r.RetailManagerRepositoryInMemory  : RetailManagerRepositoryInMemory : adding Shop [shopName=Dummy Shop One, shopAddress=ShopAddress [number=1, postCode=600001], shopLongitude=80.2865916, shopLatitude=13.0963045]
2017-11-16 02:35:10.209  INFO 7672 --- [    Test worker] c.d.r.r.RetailManagerRepositoryInMemory  : Adding new shop
2017-11-16 02:35:10.209  INFO 7672 --- [    Test worker] c.d.r.r.RetailManagerRepositoryInMemory  : RetailManagerRepositoryInMemory : adding Shop [shopName=Dummy Shop Two, shopAddress=ShopAddress [number=1, postCode=100001], shopLongitude=0.0, shopLatitude=39.9077718]
2017-11-16 02:35:10.209  INFO 7672 --- [    Test worker] c.d.r.r.RetailManagerRepositoryInMemory  : Adding new shop
2017-11-16 02:35:10.575  INFO 7672 --- [    Test worker] s.w.s.m.m.a.RequestMappingHandlerAdapter : Looking for @ControllerAdvice: org.springframework.web.context.support.GenericWebApplicationContext@1a014053: startup date [Thu Nov 16 02:35:09 IST 2017]; root of context hierarchy
2017-11-16 02:35:10.591  INFO 7672 --- [    Test worker] s.w.s.m.m.a.RequestMappingHandlerMapping : Mapped "{[/],methods=[GET]}" onto public java.lang.String com.db.retailmanager.api.RetailManagerController.getInfo()
2017-11-16 02:35:10.591  INFO 7672 --- [    Test worker] s.w.s.m.m.a.RequestMappingHandlerMapping : Mapped "{[/api/shops],methods=[GET],produces=[application/json]}" onto public org.springframework.http.ResponseEntity<java.util.Collection<com.db.retailmanager.api.RetailManagerResponse>> com.db.retailmanager.api.RetailManagerController.getShops(java.lang.Float,java.lang.Float)
2017-11-16 02:35:10.591  INFO 7672 --- [    Test worker] s.w.s.m.m.a.RequestMappingHandlerMapping : Mapped "{[/api/shops],methods=[POST],consumes=[application/json],produces=[application/json]}" onto public org.springframework.http.ResponseEntity<com.db.retailmanager.api.RetailManagerResponse> com.db.retailmanager.api.RetailManagerController.addShop(com.db.retailmanager.api.RetailManagerRequest)
2017-11-16 02:35:10.591  INFO 7672 --- [    Test worker] s.w.s.m.m.a.RequestMappingHandlerMapping : Mapped "{[/error]}" onto public org.springframework.http.ResponseEntity<java.util.Map<java.lang.String, java.lang.Object>> org.springframework.boot.autoconfigure.web.BasicErrorController.error(javax.servlet.http.HttpServletRequest)
2017-11-16 02:35:10.591  INFO 7672 --- [    Test worker] s.w.s.m.m.a.RequestMappingHandlerMapping : Mapped "{[/error],produces=[text/html]}" onto public org.springframework.web.servlet.ModelAndView org.springframework.boot.autoconfigure.web.BasicErrorController.errorHtml(javax.servlet.http.HttpServletRequest,javax.servlet.http.HttpServletResponse)
2017-11-16 02:35:10.653  INFO 7672 --- [    Test worker] o.s.w.s.handler.SimpleUrlHandlerMapping  : Mapped URL path [/webjars/**] onto handler of type [class org.springframework.web.servlet.resource.ResourceHttpRequestHandler]
2017-11-16 02:35:10.653  INFO 7672 --- [    Test worker] o.s.w.s.handler.SimpleUrlHandlerMapping  : Mapped URL path [/**] onto handler of type [class org.springframework.web.servlet.resource.ResourceHttpRequestHandler]
2017-11-16 02:35:10.669  INFO 7672 --- [    Test worker] .m.m.a.ExceptionHandlerExceptionResolver : Detected @ExceptionHandler methods in exceptionControllerAdvice
2017-11-16 02:35:10.684  INFO 7672 --- [    Test worker] o.s.w.s.handler.SimpleUrlHandlerMapping  : Mapped URL path [/**/favicon.ico] onto handler of type [class org.springframework.web.servlet.resource.ResourceHttpRequestHandler]
2017-11-16 02:35:10.910  INFO 7672 --- [    Test worker] o.s.b.a.e.mvc.EndpointHandlerMapping     : Mapped "{[/loggers/{name:.*}],methods=[GET],produces=[application/vnd.spring-boot.actuator.v1+json || application/json]}" onto public java.lang.Object org.springframework.boot.actuate.endpoint.mvc.LoggersMvcEndpoint.get(java.lang.String)
2017-11-16 02:35:10.910  INFO 7672 --- [    Test worker] o.s.b.a.e.mvc.EndpointHandlerMapping     : Mapped "{[/loggers/{name:.*}],methods=[POST],consumes=[application/vnd.spring-boot.actuator.v1+json || application/json],produces=[application/vnd.spring-boot.actuator.v1+json || application/json]}" onto public java.lang.Object org.springframework.boot.actuate.endpoint.mvc.LoggersMvcEndpoint.set(java.lang.String,java.util.Map<java.lang.String, java.lang.String>)
2017-11-16 02:35:10.910  INFO 7672 --- [    Test worker] o.s.b.a.e.mvc.EndpointHandlerMapping     : Mapped "{[/loggers || /loggers.json],methods=[GET],produces=[application/vnd.spring-boot.actuator.v1+json || application/json]}" onto public java.lang.Object org.springframework.boot.actuate.endpoint.mvc.EndpointMvcAdapter.invoke()
2017-11-16 02:35:10.910  INFO 7672 --- [    Test worker] o.s.b.a.e.mvc.EndpointHandlerMapping     : Mapped "{[/health || /health.json],methods=[GET],produces=[application/vnd.spring-boot.actuator.v1+json || application/json]}" onto public java.lang.Object org.springframework.boot.actuate.endpoint.mvc.HealthMvcEndpoint.invoke(javax.servlet.http.HttpServletRequest,java.security.Principal)
2017-11-16 02:35:10.910  INFO 7672 --- [    Test worker] o.s.b.a.e.mvc.EndpointHandlerMapping     : Mapped "{[/metrics/{name:.*}],methods=[GET],produces=[application/vnd.spring-boot.actuator.v1+json || application/json]}" onto public java.lang.Object org.springframework.boot.actuate.endpoint.mvc.MetricsMvcEndpoint.value(java.lang.String)
2017-11-16 02:35:10.910  INFO 7672 --- [    Test worker] o.s.b.a.e.mvc.EndpointHandlerMapping     : Mapped "{[/metrics || /metrics.json],methods=[GET],produces=[application/vnd.spring-boot.actuator.v1+json || application/json]}" onto public java.lang.Object org.springframework.boot.actuate.endpoint.mvc.EndpointMvcAdapter.invoke()
2017-11-16 02:35:10.910  INFO 7672 --- [    Test worker] o.s.b.a.e.mvc.EndpointHandlerMapping     : Mapped "{[/autoconfig || /autoconfig.json],methods=[GET],produces=[application/vnd.spring-boot.actuator.v1+json || application/json]}" onto public java.lang.Object org.springframework.boot.actuate.endpoint.mvc.EndpointMvcAdapter.invoke()
2017-11-16 02:35:10.910  INFO 7672 --- [    Test worker] o.s.b.a.e.mvc.EndpointHandlerMapping     : Mapped "{[/heapdump || /heapdump.json],methods=[GET],produces=[application/octet-stream]}" onto public void org.springframework.boot.actuate.endpoint.mvc.HeapdumpMvcEndpoint.invoke(boolean,javax.servlet.http.HttpServletRequest,javax.servlet.http.HttpServletResponse) throws java.io.IOException,javax.servlet.ServletException
2017-11-16 02:35:10.910  INFO 7672 --- [    Test worker] o.s.b.a.e.mvc.EndpointHandlerMapping     : Mapped "{[/configprops || /configprops.json],methods=[GET],produces=[application/vnd.spring-boot.actuator.v1+json || application/json]}" onto public java.lang.Object org.springframework.boot.actuate.endpoint.mvc.EndpointMvcAdapter.invoke()
2017-11-16 02:35:10.910  INFO 7672 --- [    Test worker] o.s.b.a.e.mvc.EndpointHandlerMapping     : Mapped "{[/mappings || /mappings.json],methods=[GET],produces=[application/vnd.spring-boot.actuator.v1+json || application/json]}" onto public java.lang.Object org.springframework.boot.actuate.endpoint.mvc.EndpointMvcAdapter.invoke()
2017-11-16 02:35:10.910  INFO 7672 --- [    Test worker] o.s.b.a.e.mvc.EndpointHandlerMapping     : Mapped "{[/trace || /trace.json],methods=[GET],produces=[application/vnd.spring-boot.actuator.v1+json || application/json]}" onto public java.lang.Object org.springframework.boot.actuate.endpoint.mvc.EndpointMvcAdapter.invoke()
2017-11-16 02:35:10.926  INFO 7672 --- [    Test worker] o.s.b.a.e.mvc.EndpointHandlerMapping     : Mapped "{[/env/{name:.*}],methods=[GET],produces=[application/vnd.spring-boot.actuator.v1+json || application/json]}" onto public java.lang.Object org.springframework.boot.actuate.endpoint.mvc.EnvironmentMvcEndpoint.value(java.lang.String)
2017-11-16 02:35:10.926  INFO 7672 --- [    Test worker] o.s.b.a.e.mvc.EndpointHandlerMapping     : Mapped "{[/env || /env.json],methods=[GET],produces=[application/vnd.spring-boot.actuator.v1+json || application/json]}" onto public java.lang.Object org.springframework.boot.actuate.endpoint.mvc.EndpointMvcAdapter.invoke()
2017-11-16 02:35:10.926  INFO 7672 --- [    Test worker] o.s.b.a.e.mvc.EndpointHandlerMapping     : Mapped "{[/auditevents || /auditevents.json],methods=[GET],produces=[application/vnd.spring-boot.actuator.v1+json || application/json]}" onto public org.springframework.http.ResponseEntity<?> org.springframework.boot.actuate.endpoint.mvc.AuditEventsMvcEndpoint.findByPrincipalAndAfterAndType(java.lang.String,java.util.Date,java.lang.String)
2017-11-16 02:35:10.926  INFO 7672 --- [    Test worker] o.s.b.a.e.mvc.EndpointHandlerMapping     : Mapped "{[/dump || /dump.json],methods=[GET],produces=[application/vnd.spring-boot.actuator.v1+json || application/json]}" onto public java.lang.Object org.springframework.boot.actuate.endpoint.mvc.EndpointMvcAdapter.invoke()
2017-11-16 02:35:10.926  INFO 7672 --- [    Test worker] o.s.b.a.e.mvc.EndpointHandlerMapping     : Mapped "{[/info || /info.json],methods=[GET],produces=[application/vnd.spring-boot.actuator.v1+json || application/json]}" onto public java.lang.Object org.springframework.boot.actuate.endpoint.mvc.EndpointMvcAdapter.invoke()
2017-11-16 02:35:10.926  INFO 7672 --- [    Test worker] o.s.b.a.e.mvc.EndpointHandlerMapping     : Mapped "{[/beans || /beans.json],methods=[GET],produces=[application/vnd.spring-boot.actuator.v1+json || application/json]}" onto public java.lang.Object org.springframework.boot.actuate.endpoint.mvc.EndpointMvcAdapter.invoke()
2017-11-16 02:35:11.090  INFO 7672 --- [    Test worker] c.d.r.r.RetailManagerRepositoryTest      : Started RetailManagerRepositoryTest in 1.472 seconds (JVM running for 6.866)
2017-11-16 02:35:11.090  INFO 7672 --- [    Test worker] c.d.r.r.RetailManagerRepositoryInMemory  : RetailManagerRepositoryInMemory : adding Shop [shopName=My Test Shop, shopAddress=ShopAddress [number=1, postCode=123456], shopLongitude=3.4, shopLatitude=1.2]
2017-11-16 02:35:11.090  INFO 7672 --- [    Test worker] c.d.r.r.RetailManagerRepositoryInMemory  : Adding new shop
2017-11-16 02:35:11.106  INFO 7672 --- [    Test worker] c.d.r.r.RetailManagerRepositoryInMemory  : RetailManagerRepositoryInMemory : found Shop [shopName=My Test Shop, shopAddress=ShopAddress [number=1, postCode=123456], shopLongitude=3.4, shopLatitude=1.2]
2017-11-16 02:35:11.113  INFO 7672 --- [pool-3-thread-1] c.d.r.r.RetailManagerRepositoryInMemory  : RetailManagerRepositoryInMemory : adding Shop [shopName=My Concurrent Shop, shopAddress=ShopAddress [number=1, postCode=112233], shopLongitude=3.4, shopLatitude=1.2]
2017-11-16 02:35:11.115  INFO 7672 --- [pool-3-thread-1] c.d.r.r.RetailManagerRepositoryInMemory  : Adding new shop
2017-11-16 02:35:11.115  INFO 7672 --- [pool-3-thread-6] c.d.r.r.RetailManagerRepositoryInMemory  : RetailManagerRepositoryInMemory : adding Shop [shopName=My Concurrent Shop, shopAddress=ShopAddress [number=1, postCode=112233], shopLongitude=3.4, shopLatitude=1.2]
2017-11-16 02:35:11.115  INFO 7672 --- [pool-3-thread-6] c.d.r.r.RetailManagerRepositoryInMemory  : Updating existing shop
2017-11-16 02:35:11.115  INFO 7672 --- [pool-3-thread-5] c.d.r.r.RetailManagerRepositoryInMemory  : RetailManagerRepositoryInMemory : adding Shop [shopName=My Concurrent Shop, shopAddress=ShopAddress [number=1, postCode=112233], shopLongitude=3.4, shopLatitude=1.2]
2017-11-16 02:35:11.115  INFO 7672 --- [pool-3-thread-5] c.d.r.r.RetailManagerRepositoryInMemory  : Updating existing shop
2017-11-16 02:35:11.116  INFO 7672 --- [pool-3-thread-3] c.d.r.r.RetailManagerRepositoryInMemory  : RetailManagerRepositoryInMemory : adding Shop [shopName=My Concurrent Shop, shopAddress=ShopAddress [number=1, postCode=112233], shopLongitude=3.4, shopLatitude=1.2]
2017-11-16 02:35:11.115  INFO 7672 --- [pool-3-thread-9] c.d.r.r.RetailManagerRepositoryInMemory  : RetailManagerRepositoryInMemory : adding Shop [shopName=My Concurrent Shop, shopAddress=ShopAddress [number=1, postCode=112233], shopLongitude=3.4, shopLatitude=1.2]
2017-11-16 02:35:11.115  INFO 7672 --- [ool-3-thread-10] c.d.r.r.RetailManagerRepositoryInMemory  : RetailManagerRepositoryInMemory : adding Shop [shopName=My Concurrent Shop, shopAddress=ShopAddress [number=1, postCode=112233], shopLongitude=3.4, shopLatitude=1.2]
2017-11-16 02:35:11.115  INFO 7672 --- [pool-3-thread-8] c.d.r.r.RetailManagerRepositoryInMemory  : RetailManagerRepositoryInMemory : adding Shop [shopName=My Concurrent Shop, shopAddress=ShopAddress [number=1, postCode=112233], shopLongitude=3.4, shopLatitude=1.2]
2017-11-16 02:35:11.115  INFO 7672 --- [pool-3-thread-7] c.d.r.r.RetailManagerRepositoryInMemory  : RetailManagerRepositoryInMemory : adding Shop [shopName=My Concurrent Shop, shopAddress=ShopAddress [number=1, postCode=112233], shopLongitude=3.4, shopLatitude=1.2]
2017-11-16 02:35:11.116  INFO 7672 --- [pool-3-thread-4] c.d.r.r.RetailManagerRepositoryInMemory  : RetailManagerRepositoryInMemory : adding Shop [shopName=My Concurrent Shop, shopAddress=ShopAddress [number=1, postCode=112233], shopLongitude=3.4, shopLatitude=1.2]
2017-11-16 02:35:11.116  INFO 7672 --- [pool-3-thread-2] c.d.r.r.RetailManagerRepositoryInMemory  : RetailManagerRepositoryInMemory : adding Shop [shopName=My Concurrent Shop, shopAddress=ShopAddress [number=1, postCode=112233], shopLongitude=3.4, shopLatitude=1.2]
2017-11-16 02:35:11.116  INFO 7672 --- [pool-3-thread-3] c.d.r.r.RetailManagerRepositoryInMemory  : Updating existing shop
2017-11-16 02:35:11.118  INFO 7672 --- [pool-3-thread-2] c.d.r.r.RetailManagerRepositoryInMemory  : Updating existing shop
2017-11-16 02:35:11.118  INFO 7672 --- [pool-3-thread-4] c.d.r.r.RetailManagerRepositoryInMemory  : Updating existing shop
2017-11-16 02:35:11.118  INFO 7672 --- [pool-3-thread-7] c.d.r.r.RetailManagerRepositoryInMemory  : Updating existing shop
2017-11-16 02:35:11.118  INFO 7672 --- [pool-3-thread-8] c.d.r.r.RetailManagerRepositoryInMemory  : Updating existing shop
2017-11-16 02:35:11.118  INFO 7672 --- [ool-3-thread-10] c.d.r.r.RetailManagerRepositoryInMemory  : Updating existing shop
2017-11-16 02:35:11.119  INFO 7672 --- [pool-3-thread-9] c.d.r.r.RetailManagerRepositoryInMemory  : Updating existing shop
Shop Address in repository is : ShopAddress [number=1, postCode=112233]
2017-11-16 02:35:16.154  INFO 7672 --- [    Test worker] c.d.r.r.RetailManagerRepositoryInMemory  : RetailManagerRepositoryInMemory : adding Shop [shopName=My Test Shop, shopAddress=ShopAddress [number=1, postCode=123456], shopLongitude=3.4, shopLatitude=1.2]
2017-11-16 02:35:16.154  INFO 7672 --- [    Test worker] c.d.r.r.RetailManagerRepositoryInMemory  : Updating existing shop
2017-11-16 02:35:16.154  INFO 7672 --- [    Test worker] c.d.r.r.RetailManagerRepositoryInMemory  : RetailManagerRepositoryInMemory : adding Shop [shopName=My Test Shop, shopAddress=ShopAddress [number=1, postCode=987654], shopLongitude=7.8, shopLatitude=5.6]
2017-11-16 02:35:16.154  INFO 7672 --- [    Test worker] c.d.r.r.RetailManagerRepositoryInMemory  : Updating existing shop
2017-11-16 02:35:16.154  INFO 7672 --- [    Test worker] c.d.r.r.RetailManagerRepositoryInMemory  : RetailManagerRepositoryInMemory : found Shop [shopName=My Test Shop, shopAddress=ShopAddress [number=1, postCode=987654], shopLongitude=7.8, shopLatitude=5.6]
2017-11-16 02:35:16.169  INFO 7672 --- [    Test worker] c.d.r.r.RetailManagerRepositoryInMemory  : RetailManagerRepositoryInMemory : found Shop [shopName=Dummy Shop Two, shopAddress=ShopAddress [number=1, postCode=100001], shopLongitude=0.0, shopLatitude=39.9077718]
]]></system-out>
  <system-err><![CDATA[]]></system-err>
</testsuite>
