<?xml version="1.0" encoding="UTF-8"?>
<testsuite name="com.db.retailmanager.api.RetailManagerControllerTest" tests="1" skipped="0" failures="0" errors="0" timestamp="2017-11-15T21:05:09" hostname="aadvik" time="0.121">
  <properties/>
  <testcase name="getInfo" classname="com.db.retailmanager.api.RetailManagerControllerTest" time="0.121"/>
  <system-out><![CDATA[02:35:05.064 [Test worker] DEBUG org.springframework.test.context.junit4.SpringJUnit4ClassRunner - SpringJUnit4ClassRunner constructor called with [class com.db.retailmanager.api.RetailManagerControllerTest]
02:35:05.073 [Test worker] DEBUG org.springframework.test.context.BootstrapUtils - Instantiating CacheAwareContextLoaderDelegate from class [org.springframework.test.context.cache.DefaultCacheAwareContextLoaderDelegate]
02:35:05.073 [Test worker] DEBUG org.springframework.test.context.BootstrapUtils - Instantiating BootstrapContext using constructor [public org.springframework.test.context.support.DefaultBootstrapContext(java.lang.Class,org.springframework.test.context.CacheAwareContextLoaderDelegate)]
02:35:05.104 [Test worker] DEBUG org.springframework.test.context.BootstrapUtils - Instantiating TestContextBootstrapper for test class [com.db.retailmanager.api.RetailManagerControllerTest] from class [org.springframework.boot.test.context.SpringBootTestContextBootstrapper]
02:35:05.120 [Test worker] INFO org.springframework.boot.test.context.SpringBootTestContextBootstrapper - Neither @ContextConfiguration nor @ContextHierarchy found for test class [com.db.retailmanager.api.RetailManagerControllerTest], using SpringBootContextLoader
02:35:05.135 [Test worker] DEBUG org.springframework.test.context.support.AbstractContextLoader - Did not detect default resource location for test class [com.db.retailmanager.api.RetailManagerControllerTest]: class path resource [com/db/retailmanager/api/RetailManagerControllerTest-context.xml] does not exist
02:35:05.135 [Test worker] DEBUG org.springframework.test.context.support.AbstractContextLoader - Did not detect default resource location for test class [com.db.retailmanager.api.RetailManagerControllerTest]: class path resource [com/db/retailmanager/api/RetailManagerControllerTestContext.groovy] does not exist
02:35:05.135 [Test worker] INFO org.springframework.test.context.support.AbstractContextLoader - Could not detect default resource locations for test class [com.db.retailmanager.api.RetailManagerControllerTest]: no resource found for suffixes {-context.xml, Context.groovy}.
02:35:05.135 [Test worker] INFO org.springframework.test.context.support.AnnotationConfigContextLoaderUtils - Could not detect default configuration classes for test class [com.db.retailmanager.api.RetailManagerControllerTest]: RetailManagerControllerTest does not declare any static, non-private, non-final, nested classes annotated with @Configuration.
02:35:05.213 [Test worker] DEBUG org.springframework.test.context.support.ActiveProfilesUtils - Could not find an 'annotation declaring class' for annotation type [org.springframework.test.context.ActiveProfiles] and class [com.db.retailmanager.api.RetailManagerControllerTest]
02:35:05.213 [Test worker] DEBUG org.springframework.core.env.StandardEnvironment - Adding PropertySource 'systemProperties' with lowest search precedence
02:35:05.213 [Test worker] DEBUG org.springframework.core.env.StandardEnvironment - Adding PropertySource 'systemEnvironment' with lowest search precedence
02:35:05.213 [Test worker] DEBUG org.springframework.core.env.StandardEnvironment - Initialized StandardEnvironment with PropertySources [MapPropertySource@494058352 {name='systemProperties', properties={java.runtime.name=Java(TM) SE Runtime Environment, sun.boot.library.path=C:\MyApps\java\jdk-8u77-windows-x64\jre\bin, java.vm.version=25.77-b03, java.vm.vendor=Oracle Corporation, java.vendor.url=http://java.oracle.com/, path.separator=;, java.vm.name=Java HotSpot(TM) 64-Bit Server VM, file.encoding.pkg=sun.io, user.script=, sun.java.launcher=SUN_STANDARD, user.country=IN, sun.os.patch.level=, java.vm.specification.name=Java Virtual Machine Specification, user.dir=D:\github\RetailManagerService, java.runtime.version=1.8.0_77-b03, java.awt.graphicsenv=sun.awt.Win32GraphicsEnvironment, java.endorsed.dirs=C:\MyApps\java\jdk-8u77-windows-x64\jre\lib\endorsed, os.arch=amd64, java.io.tmpdir=C:\Users\aadvik\AppData\Local\Temp\, line.separator=
, java.vm.specification.vendor=Oracle Corporation, user.variant=, os.name=Windows 10, sun.jnu.encoding=Cp1252, java.library.path=C:\MyApps\java\jdk-8u77-windows-x64\bin;C:\WINDOWS\Sun\Java\bin;C:\WINDOWS\system32;C:\WINDOWS;C:\MyApps\gradle-4.3\bin\;C:\ProgramData\Oracle\Java\javapath;C:\Program Files (x86)\Intel\iCLS Client\;C:\Program Files\Intel\iCLS Client\;C:\Windows\system32;C:\Windows;C:\Windows\System32\Wbem;C:\Windows\System32\WindowsPowerShell\v1.0\;C:\Program Files (x86)\Intel\Intel(R) Management Engine Components\DAL;C:\Program Files\Intel\Intel(R) Management Engine Components\DAL;C:\Program Files (x86)\Intel\Intel(R) Management Engine Components\IPT;C:\Program Files\Intel\Intel(R) Management Engine Components\IPT;C:\Program Files (x86)\NVIDIA Corporation\PhysX\Common;C:\WINDOWS\system32;C:\WINDOWS;C:\WINDOWS\System32\Wbem;C:\WINDOWS\System32\WindowsPowerShell\v1.0\;C:\Users\aadvik\AppData\Local\Microsoft\WindowsApps;;., java.specification.name=Java Platform API Specification, java.class.version=52.0, org.gradle.native=false, sun.management.compiler=HotSpot 64-Bit Tiered Compilers, os.version=10.0, user.home=C:\Users\aadvik, user.timezone=Asia/Calcutta, java.awt.printerjob=sun.awt.windows.WPrinterJob, file.encoding=windows-1252, java.specification.version=1.8, java.class.path=D:\github\RetailManagerService\build\classes\java\test;D:\github\RetailManagerService\build\resources\test;D:\github\RetailManagerService\build\classes\java\main;D:\github\RetailManagerService\build\resources\main;C:\Users\aadvik\.gradle\caches\modules-2\files-2.1\org.springframework.boot\spring-boot-starter-web\1.5.8.RELEASE\7e0dc79e3b47be4539ad3c033639133ae6b7a17e\spring-boot-starter-web-1.5.8.RELEASE.jar;C:\Users\aadvik\.gradle\caches\modules-2\files-2.1\org.springframework.boot\spring-boot-starter-jetty\1.5.8.RELEASE\580345e9e989cd9abd8038bf928daa98b932cb50\spring-boot-starter-jetty-1.5.8.RELEASE.jar;C:\Users\aadvik\.gradle\caches\modules-2\files-2.1\org.springframework.boot\spring-boot-starter-actuator\1.5.8.RELEASE\927c40a1af518dc240dfdf7aaf0a9673c3a127c5\spring-boot-starter-actuator-1.5.8.RELEASE.jar;C:\Users\aadvik\.gradle\caches\modules-2\files-2.1\com.google.maps\google-maps-services\0.1.19\c44e78878ed5187c7d10295664dc3988b5bc255d\google-maps-services-0.1.19.jar;C:\Users\aadvik\.gradle\caches\modules-2\files-2.1\org.springframework.boot\spring-boot-starter-test\1.5.8.RELEASE\20b767f594924b32950286f1236ab7d68ff861f9\spring-boot-starter-test-1.5.8.RELEASE.jar;C:\Users\aadvik\.gradle\caches\modules-2\files-2.1\junit\junit\4.12\2973d150c0dc1fefe998f834810d68f278ea58ec\junit-4.12.jar;C:\Users\aadvik\.gradle\caches\modules-2\files-2.1\org.springframework.boot\spring-boot-starter\1.5.8.RELEASE\18048efe1f06569022a53cc3fb2fe9c0162935a3\spring-boot-starter-1.5.8.RELEASE.jar;C:\Users\aadvik\.gradle\caches\modules-2\files-2.1\org.hibernate\hibernate-validator\5.3.5.Final\622a9bcef2eed6d41b5b8e0662c36212009e375\hibernate-validator-5.3.5.Final.jar;C:\Users\aadvik\.gradle\caches\modules-2\files-2.1\org.springframework.boot\spring-boot-actuator\1.5.8.RELEASE\aac530fe877ed91c92831019755c49f29b08e6\spring-boot-actuator-1.5.8.RELEASE.jar;C:\Users\aadvik\.gradle\caches\modules-2\files-2.1\com.fasterxml.jackson.core\jackson-databind\2.8.10\f7b83cb2bc4b88d53961e749e1ad32f49ef017b7\jackson-databind-2.8.10.jar;C:\Users\aadvik\.gradle\caches\modules-2\files-2.1\org.springframework\spring-webmvc\4.3.12.RELEASE\986e5dcd4435e780f6be64f8185eaa51523cf851\spring-webmvc-4.3.12.RELEASE.jar;C:\Users\aadvik\.gradle\caches\modules-2\files-2.1\org.springframework\spring-web\4.3.12.RELEASE\86c29588cca74d0fc848b194cb13fcdfd12bc990\spring-web-4.3.12.RELEASE.jar;C:\Users\aadvik\.gradle\caches\modules-2\files-2.1\org.eclipse.jetty\jetty-servlets\9.4.7.v20170914\a0b1f50faf6ea178e4e1b46072794ebbb4c682e9\jetty-servlets-9.4.7.v20170914.jar;C:\Users\aadvik\.gradle\caches\modules-2\files-2.1\org.eclipse.jetty.websocket\javax-websocket-server-impl\9.4.7.v20170914\45e2d7106f87f7950928447b7124e07e68b3f9a3\javax-websocket-server-impl-9.4.7.v20170914.jar;C:\Users\aadvik\.gradle\caches\modules-2\files-2.1\org.eclipse.jetty\jetty-annotations\9.4.7.v20170914\fb2649517a94753465c9dfa05965a5caf471ffcf\jetty-annotations-9.4.7.v20170914.jar;C:\Users\aadvik\.gradle\caches\modules-2\files-2.1\org.eclipse.jetty\jetty-plus\9.4.7.v20170914\862942bedb3d071e475770494b017efc6efa5a4f\jetty-plus-9.4.7.v20170914.jar;C:\Users\aadvik\.gradle\caches\modules-2\files-2.1\org.eclipse.jetty\jetty-webapp\9.4.7.v20170914\cb3f5561ad15a750dcb0cfdcc2db6df141df74b2\jetty-webapp-9.4.7.v20170914.jar;C:\Users\aadvik\.gradle\caches\modules-2\files-2.1\org.eclipse.jetty.websocket\websocket-server\9.4.7.v20170914\560ebb2f187c0f61b07b24eb667f669941beff89\websocket-server-9.4.7.v20170914.jar;C:\Users\aadvik\.gradle\caches\modules-2\files-2.1\org.mortbay.jasper\apache-el\8.0.33\1b8fa2179b3937cada939317bb135815e79c0ac2\apache-el-8.0.33.jar;C:\Users\aadvik\.gradle\caches\modules-2\files-2.1\com.google.code.gson\gson\2.8.2\3edcfe49d2c6053a70a2a47e4e1c2f94998a49cf\gson-2.8.2.jar;C:\Users\aadvik\.gradle\caches\modules-2\files-2.1\com.squareup.okhttp\okhttp\2.7.5\7a15a7db50f86c4b64aa3367424a60e3a325b8f1\okhttp-2.7.5.jar;C:\Users\aadvik\.gradle\caches\modules-2\files-2.1\joda-time\joda-time\2.9.9\f7b520c458572890807d143670c9b24f4de90897\joda-time-2.9.9.jar;C:\Users\aadvik\.gradle\caches\modules-2\files-2.1\com.jayway.jsonpath\json-path\2.2.0\22290d17944bd239fabf5ac69005a60a7ecbbbcb\json-path-2.2.0.jar;C:\Users\aadvik\.gradle\caches\modules-2\files-2.1\org.springframework.boot\spring-boot-starter-logging\1.5.8.RELEASE\ebc00a0e46753d90431fdcc5e3d6b9fd3bf1564a\spring-boot-starter-logging-1.5.8.RELEASE.jar;C:\Users\aadvik\.gradle\caches\modules-2\files-2.1\ch.qos.logback\logback-classic\1.1.11\ccedfbacef4a6515d2983e3f89ed753d5d4fb665\logback-classic-1.1.11.jar;C:\Users\aadvik\.gradle\caches\modules-2\files-2.1\org.slf4j\jcl-over-slf4j\1.7.25\f8c32b13ff142a513eeb5b6330b1588dcb2c0461\jcl-over-slf4j-1.7.25.jar;C:\Users\aadvik\.gradle\caches\modules-2\files-2.1\org.slf4j\jul-to-slf4j\1.7.25\af5364cd6679bfffb114f0dec8a157aaa283b76\jul-to-slf4j-1.7.25.jar;C:\Users\aadvik\.gradle\caches\modules-2\files-2.1\org.slf4j\log4j-over-slf4j\1.7.25\a87bb47468f47ee7aabbd54f93e133d4215769c3\log4j-over-slf4j-1.7.25.jar;C:\Users\aadvik\.gradle\caches\modules-2\files-2.1\org.slf4j\slf4j-api\1.7.25\da76ca59f6a57ee3102f8f9bd9cee742973efa8a\slf4j-api-1.7.25.jar;C:\Users\aadvik\.gradle\caches\modules-2\files-2.1\org.mockito\mockito-core\1.10.19\e8546f5bef4e061d8dd73895b4e8f40e3fe6effe\mockito-core-1.10.19.jar;C:\Users\aadvik\.gradle\caches\modules-2\files-2.1\org.hamcrest\hamcrest-library\1.3\4785a3c21320980282f9f33d0d1264a69040538f\hamcrest-library-1.3.jar;C:\Users\aadvik\.gradle\caches\modules-2\files-2.1\org.hamcrest\hamcrest-core\1.3\42a25dc3219429f0e5d060061f71acb49bf010a0\hamcrest-core-1.3.jar;C:\Users\aadvik\.gradle\caches\modules-2\files-2.1\org.springframework.boot\spring-boot-test-autoconfigure\1.5.8.RELEASE\a8f986cc4b6ecef1417fe50c20984f12f54d15cc\spring-boot-test-autoconfigure-1.5.8.RELEASE.jar;C:\Users\aadvik\.gradle\caches\modules-2\files-2.1\org.springframework.boot\spring-boot-test\1.5.8.RELEASE\17dedee86d1a9e9bd409d715fd90650ca1049659\spring-boot-test-1.5.8.RELEASE.jar;C:\Users\aadvik\.gradle\caches\modules-2\files-2.1\org.assertj\assertj-core\2.6.0\b532c3fc4f66bcfee4989a3514f1cd56203a33ad\assertj-core-2.6.0.jar;C:\Users\aadvik\.gradle\caches\modules-2\files-2.1\org.skyscreamer\jsonassert\1.4.0\9cdbb373a06f6513e51e8c545ee6a5e981463edb\jsonassert-1.4.0.jar;C:\Users\aadvik\.gradle\caches\modules-2\files-2.1\org.springframework\spring-test\4.3.12.RELEASE\825a7ac1014528db722a6cc94cceaef2410cb314\spring-test-4.3.12.RELEASE.jar;C:\Users\aadvik\.gradle\caches\modules-2\files-2.1\org.springframework.boot\spring-boot-autoconfigure\1.5.8.RELEASE\e4f2efa4c319f4e3613d94fbccfdb5ccda6873e3\spring-boot-autoconfigure-1.5.8.RELEASE.jar;C:\Users\aadvik\.gradle\caches\modules-2\files-2.1\org.springframework.boot\spring-boot\1.5.8.RELEASE\748ebde51761e12627ad23d064024f342b18f9b4\spring-boot-1.5.8.RELEASE.jar;C:\Users\aadvik\.gradle\caches\modules-2\files-2.1\org.springframework\spring-context\4.3.12.RELEASE\5e6d26f36636f36b7efec1d6a0c5991284fbd95b\spring-context-4.3.12.RELEASE.jar;C:\Users\aadvik\.gradle\caches\modules-2\files-2.1\org.springframework\spring-expression\4.3.12.RELEASE\790f69f6ad7f9da8d4a92c603ad7244c398c8309\spring-expression-4.3.12.RELEASE.jar;C:\Users\aadvik\.gradle\caches\modules-2\files-2.1\org.springframework\spring-aop\4.3.12.RELEASE\b3fef085902993c2ef874c45c7bfd79296d5a5a4\spring-aop-4.3.12.RELEASE.jar;C:\Users\aadvik\.gradle\caches\modules-2\files-2.1\org.springframework\spring-beans\4.3.12.RELEASE\547dd432d47d0f01d9ccbedc4b705f9f7c1240a\spring-beans-4.3.12.RELEASE.jar;C:\Users\aadvik\.gradle\caches\modules-2\files-2.1\org.springframework\spring-core\4.3.12.RELEASE\4cebc69478c6d350dbd5af28e3db7d5694f416e3\spring-core-4.3.12.RELEASE.jar;C:\Users\aadvik\.gradle\caches\modules-2\files-2.1\org.yaml\snakeyaml\1.17\7a27ea250c5130b2922b86dea63cbb1cc10a660c\snakeyaml-1.17.jar;C:\Users\aadvik\.gradle\caches\modules-2\files-2.1\javax.validation\validation-api\1.1.0.Final\8613ae82954779d518631e05daa73a6a954817d5\validation-api-1.1.0.Final.jar;C:\Users\aadvik\.gradle\caches\modules-2\files-2.1\org.jboss.logging\jboss-logging\3.3.1.Final\c46217ab74b532568c0ed31dc599db3048bd1b67\jboss-logging-3.3.1.Final.jar;C:\Users\aadvik\.gradle\caches\modules-2\files-2.1\com.fasterxml\classmate\1.3.4\3d5f48f10bbe4eb7bd862f10c0583be2e0053c6\classmate-1.3.4.jar;C:\Users\aadvik\.gradle\caches\modules-2\files-2.1\com.fasterxml.jackson.core\jackson-annotations\2.8.0\45b426f7796b741035581a176744d91090e2e6fb\jackson-annotations-2.8.0.jar;C:\Users\aadvik\.gradle\caches\modules-2\files-2.1\com.fasterxml.jackson.core\jackson-core\2.8.10\eb21a035c66ad307e66ec8fce37f5d50fd62d039\jackson-core-2.8.10.jar;C:\Users\aadvik\.gradle\caches\modules-2\files-2.1\org.eclipse.jetty\jetty-continuation\9.4.7.v20170914\6b2aaa9da3e11e0f12bba9a80e74a389ab0d045e\jetty-continuation-9.4.7.v20170914.jar;C:\Users\aadvik\.gradle\caches\modules-2\files-2.1\org.eclipse.jetty.websocket\javax-websocket-client-impl\9.4.7.v20170914\94e54b803406f711e2f9636dd658e497e2ca9e67\javax-websocket-client-impl-9.4.7.v20170914.jar;C:\Users\aadvik\.gradle\caches\modules-2\files-2.1\org.eclipse.jetty.websocket\websocket-client\9.4.7.v20170914\693b3492e04b78757d88544f321076265909a503\websocket-client-9.4.7.v20170914.jar;C:\Users\aadvik\.gradle\caches\modules-2\files-2.1\org.eclipse.jetty\jetty-client\9.4.7.v20170914\b1026e2f37cfaf626b7c42c05ce1ec83cd6609ec\jetty-client-9.4.7.v20170914.jar;C:\Users\aadvik\.gradle\caches\modules-2\files-2.1\org.eclipse.jetty\jetty-servlet\9.4.7.v20170914\980023d7ac2504839f89f337de76c345b21808a1\jetty-servlet-9.4.7.v20170914.jar;C:\Users\aadvik\.gradle\caches\modules-2\files-2.1\org.eclipse.jetty\jetty-security\9.4.7.v20170914\5119551fb6f19c556ea40588ab4c8f11967796ad\jetty-security-9.4.7.v20170914.jar;C:\Users\aadvik\.gradle\caches\modules-2\files-2.1\org.eclipse.jetty\jetty-server\9.4.7.v20170914\886adb1b347f42698ea5482e600033428ad32afb\jetty-server-9.4.7.v20170914.jar;C:\Users\aadvik\.gradle\caches\modules-2\files-2.1\org.eclipse.jetty\jetty-http\9.4.7.v20170914\44a0adb69ff6131129df34d43b28e196c8ce0a90\jetty-http-9.4.7.v20170914.jar;C:\Users\aadvik\.gradle\caches\modules-2\files-2.1\org.eclipse.jetty.websocket\websocket-common\9.4.7.v20170914\47d18802581af0a1c458f7074a47e6e07ee864a0\websocket-common-9.4.7.v20170914.jar;C:\Users\aadvik\.gradle\caches\modules-2\files-2.1\org.eclipse.jetty\jetty-io\9.4.7.v20170914\a51742105ec2665f5ad80c17c784b388cb855329\jetty-io-9.4.7.v20170914.jar;C:\Users\aadvik\.gradle\caches\modules-2\files-2.1\org.eclipse.jetty\jetty-xml\9.4.7.v20170914\203e38c00bba11bcb72b41c8d7a1714df61f31e5\jetty-xml-9.4.7.v20170914.jar;C:\Users\aadvik\.gradle\caches\modules-2\files-2.1\org.eclipse.jetty\jetty-util\9.4.7.v20170914\771efdf5983c174d6d9c58892108c1c2d018404a\jetty-util-9.4.7.v20170914.jar;C:\Users\aadvik\.gradle\caches\modules-2\files-2.1\org.eclipse.jetty.websocket\websocket-servlet\9.4.7.v20170914\a75e6706b6af7a87bd3edebbddc45e6cb525f321\websocket-servlet-9.4.7.v20170914.jar;C:\Users\aadvik\.gradle\caches\modules-2\files-2.1\javax.websocket\javax.websocket-api\1.0\fc843b649d4a1dcb0497669d262befa3918c7ba8\javax.websocket-api-1.0.jar;C:\Users\aadvik\.gradle\caches\modules-2\files-2.1\com.squareup.okio\okio\1.6.0\98476622f10715998eacf9240d6b479f12c66143\okio-1.6.0.jar;C:\Users\aadvik\.gradle\caches\modules-2\files-2.1\net.minidev\json-smart\2.2.1\5b9e5df7a62d1279b70dc882b041d249c4f0b002\json-smart-2.2.1.jar;C:\Users\aadvik\.gradle\caches\modules-2\files-2.1\org.objenesis\objenesis\2.1\87c0ea803b69252868d09308b4618f766f135a96\objenesis-2.1.jar;C:\Users\aadvik\.gradle\caches\modules-2\files-2.1\com.vaadin.external.google\android-json\0.0.20131108.vaadin1\fa26d351fe62a6a17f5cda1287c1c6110dec413f\android-json-0.0.20131108.vaadin1.jar;C:\Users\aadvik\.gradle\caches\modules-2\files-2.1\org.eclipse.jetty.websocket\websocket-api\9.4.7.v20170914\aa7717f73a613c338bda18bfa5b7bd8b6917330\websocket-api-9.4.7.v20170914.jar;C:\Users\aadvik\.gradle\caches\modules-2\files-2.1\javax.servlet\javax.servlet-api\3.1.0\3cd63d075497751784b2fa84be59432f4905bf7c\javax.servlet-api-3.1.0.jar;C:\Users\aadvik\.gradle\caches\modules-2\files-2.1\javax.annotation\javax.annotation-api\1.2\479c1e06db31c432330183f5cae684163f186146\javax.annotation-api-1.2.jar;C:\Users\aadvik\.gradle\caches\modules-2\files-2.1\net.minidev\accessors-smart\1.1\a527213f2fea112a04c9bdf0ec0264e34104cd08\accessors-smart-1.1.jar;C:\Users\aadvik\.gradle\caches\modules-2\files-2.1\org.ow2.asm\asm-commons\5.1\25d8a575034dd9cfcb375a39b5334f0ba9c8474e\asm-commons-5.1.jar;C:\Users\aadvik\.gradle\caches\modules-2\files-2.1\org.ow2.asm\asm-tree\5.1\87b38c12a0ea645791ead9d3e74ae5268d1d6c34\asm-tree-5.1.jar;C:\Users\aadvik\.gradle\caches\modules-2\files-2.1\org.ow2.asm\asm\5.1\5ef31c4fe953b1fd00b8a88fa1d6820e8785bb45\asm-5.1.jar;C:\Users\aadvik\.gradle\caches\modules-2\files-2.1\ch.qos.logback\logback-core\1.1.11\88b8df40340eed549fb07e2613879bf6b006704d\logback-core-1.1.11.jar, user.name=aadvik, java.vm.specification.version=1.8, sun.java.command=worker.org.gradle.process.internal.worker.GradleWorkerMain 'Gradle Test Executor 5', java.home=C:\MyApps\java\jdk-8u77-windows-x64\jre, sun.arch.data.model=64, user.language=en, java.specification.vendor=Oracle Corporation, awt.toolkit=sun.awt.windows.WToolkit, java.vm.info=mixed mode, java.version=1.8.0_77, java.ext.dirs=C:\MyApps\java\jdk-8u77-windows-x64\jre\lib\ext;C:\WINDOWS\Sun\Java\lib\ext, sun.boot.class.path=C:\MyApps\java\jdk-8u77-windows-x64\jre\lib\resources.jar;C:\MyApps\java\jdk-8u77-windows-x64\jre\lib\rt.jar;C:\MyApps\java\jdk-8u77-windows-x64\jre\lib\sunrsasign.jar;C:\MyApps\java\jdk-8u77-windows-x64\jre\lib\jsse.jar;C:\MyApps\java\jdk-8u77-windows-x64\jre\lib\jce.jar;C:\MyApps\java\jdk-8u77-windows-x64\jre\lib\charsets.jar;C:\MyApps\java\jdk-8u77-windows-x64\jre\lib\jfr.jar;C:\MyApps\java\jdk-8u77-windows-x64\jre\classes, java.vendor=Oracle Corporation, org.gradle.test.worker=5, file.separator=\, java.vendor.url.bug=http://bugreport.sun.com/bugreport/, sun.io.unicode.encoding=UnicodeLittle, sun.cpu.endian=little, sun.desktop=windows, sun.cpu.isalist=amd64}}, SystemEnvironmentPropertySource@756917695 {name='systemEnvironment', properties={USERDOMAIN_ROAMINGPROFILE=AADVIK, PROCESSOR_LEVEL=6, SESSIONNAME=Console, ALLUSERSPROFILE=C:\ProgramData, PROCESSOR_ARCHITECTURE=AMD64, PSModulePath=C:\Users\aadvik\Documents\WindowsPowerShell\Modules;C:\Program Files\WindowsPowerShell\Modules;C:\WINDOWS\system32\WindowsPowerShell\v1.0\Modules\, SystemDrive=C:, DIRNAME=C:\MyApps\gradle-4.3\bin\, USERNAME=aadvik, CMD_LINE_ARGS=build, ProgramFiles(x86)=C:\Program Files (x86), FPS_BROWSER_USER_PROFILE_STRING=Default, APP_HOME=C:\MyApps\gradle-4.3\bin\.., PATHEXT=.COM;.EXE;.BAT;.CMD;.VBS;.VBE;.JS;.JSE;.WSF;.WSH;.MSC;.CPL, ProgramData=C:\ProgramData, ProgramW6432=C:\Program Files, HOMEPATH=\Users\aadvik, PROCESSOR_IDENTIFIER=Intel64 Family 6 Model 78 Stepping 3, GenuineIntel, ProgramFiles=C:\Program Files, PUBLIC=C:\Users\Public, windir=C:\WINDOWS, =::=::\, _SKIP=2, LOCALAPPDATA=C:\Users\aadvik\AppData\Local, USERDOMAIN=AADVIK, FPS_BROWSER_APP_PROFILE_STRING=Internet Explorer, LOGONSERVER=\\AADVIK, JAVA_HOME=C:\MyApps\java\jdk-8u77-windows-x64\, PROMPT=$P$G, OneDrive=D:\Cloud\OneDrive, APPDATA=C:\Users\aadvik\AppData\Roaming, JAVA_EXE=C:\MyApps\java\jdk-8u77-windows-x64\/bin/java.exe, VBOX_MSI_INSTALL_PATH=C:\Program Files\Oracle\VirtualBox\, CommonProgramFiles=C:\Program Files\Common Files, Path=C:\MyApps\gradle-4.3\bin\;C:\ProgramData\Oracle\Java\javapath;C:\Program Files (x86)\Intel\iCLS Client\;C:\Program Files\Intel\iCLS Client\;C:\Windows\system32;C:\Windows;C:\Windows\System32\Wbem;C:\Windows\System32\WindowsPowerShell\v1.0\;C:\Program Files (x86)\Intel\Intel(R) Management Engine Components\DAL;C:\Program Files\Intel\Intel(R) Management Engine Components\DAL;C:\Program Files (x86)\Intel\Intel(R) Management Engine Components\IPT;C:\Program Files\Intel\Intel(R) Management Engine Components\IPT;C:\Program Files (x86)\NVIDIA Corporation\PhysX\Common;C:\WINDOWS\system32;C:\WINDOWS;C:\WINDOWS\System32\Wbem;C:\WINDOWS\System32\WindowsPowerShell\v1.0\;C:\Users\aadvik\AppData\Local\Microsoft\WindowsApps;, OS=Windows_NT, COMPUTERNAME=AADVIK, PROCESSOR_REVISION=4e03, CLASSPATH=C:\MyApps\gradle-4.3\bin\..\lib\gradle-launcher-4.3.jar, CommonProgramW6432=C:\Program Files\Common Files, ComSpec=C:\WINDOWS\system32\cmd.exe, APP_BASE_NAME=gradle, =D:=D:\github\RetailManagerService, SystemRoot=C:\WINDOWS, TEMP=C:\Users\aadvik\AppData\Local\Temp, HOMEDRIVE=C:, USERPROFILE=C:\Users\aadvik, TMP=C:\Users\aadvik\AppData\Local\Temp, CommonProgramFiles(x86)=C:\Program Files (x86)\Common Files, NUMBER_OF_PROCESSORS=4}}]
02:35:05.229 [Test worker] DEBUG org.springframework.core.io.support.PathMatchingResourcePatternResolver - Resolved classpath location [com/db/retailmanager/api/] to resources [URL [file:/D:/github/RetailManagerService/build/classes/java/test/com/db/retailmanager/api/], URL [file:/D:/github/RetailManagerService/build/classes/java/main/com/db/retailmanager/api/]]
02:35:05.229 [Test worker] DEBUG org.springframework.core.io.support.PathMatchingResourcePatternResolver - Looking for matching resources in directory tree [D:\github\RetailManagerService\build\classes\java\test\com\db\retailmanager\api]
02:35:05.229 [Test worker] DEBUG org.springframework.core.io.support.PathMatchingResourcePatternResolver - Searching directory [D:\github\RetailManagerService\build\classes\java\test\com\db\retailmanager\api] for files matching pattern [D:/github/RetailManagerService/build/classes/java/test/com/db/retailmanager/api/*.class]
02:35:05.229 [Test worker] DEBUG org.springframework.core.io.support.PathMatchingResourcePatternResolver - Looking for matching resources in directory tree [D:\github\RetailManagerService\build\classes\java\main\com\db\retailmanager\api]
02:35:05.229 [Test worker] DEBUG org.springframework.core.io.support.PathMatchingResourcePatternResolver - Searching directory [D:\github\RetailManagerService\build\classes\java\main\com\db\retailmanager\api] for files matching pattern [D:/github/RetailManagerService/build/classes/java/main/com/db/retailmanager/api/*.class]
02:35:05.245 [Test worker] DEBUG org.springframework.core.io.support.PathMatchingResourcePatternResolver - Resolved location pattern [classpath*:com/db/retailmanager/api/*.class] to resources [file [D:\github\RetailManagerService\build\classes\java\test\com\db\retailmanager\api\RetailManagerControllerTest.class], file [D:\github\RetailManagerService\build\classes\java\main\com\db\retailmanager\api\RetailManagerController.class], file [D:\github\RetailManagerService\build\classes\java\main\com\db\retailmanager\api\RetailManagerRequest.class], file [D:\github\RetailManagerService\build\classes\java\main\com\db\retailmanager\api\RetailManagerResponse.class]]
02:35:05.260 [Test worker] DEBUG org.springframework.core.io.support.PathMatchingResourcePatternResolver - Resolved classpath location [com/db/retailmanager/] to resources [URL [file:/D:/github/RetailManagerService/build/classes/java/test/com/db/retailmanager/], URL [file:/D:/github/RetailManagerService/build/classes/java/main/com/db/retailmanager/]]
02:35:05.260 [Test worker] DEBUG org.springframework.core.io.support.PathMatchingResourcePatternResolver - Looking for matching resources in directory tree [D:\github\RetailManagerService\build\classes\java\test\com\db\retailmanager]
02:35:05.260 [Test worker] DEBUG org.springframework.core.io.support.PathMatchingResourcePatternResolver - Searching directory [D:\github\RetailManagerService\build\classes\java\test\com\db\retailmanager] for files matching pattern [D:/github/RetailManagerService/build/classes/java/test/com/db/retailmanager/*.class]
02:35:05.260 [Test worker] DEBUG org.springframework.core.io.support.PathMatchingResourcePatternResolver - Looking for matching resources in directory tree [D:\github\RetailManagerService\build\classes\java\main\com\db\retailmanager]
02:35:05.260 [Test worker] DEBUG org.springframework.core.io.support.PathMatchingResourcePatternResolver - Searching directory [D:\github\RetailManagerService\build\classes\java\main\com\db\retailmanager] for files matching pattern [D:/github/RetailManagerService/build/classes/java/main/com/db/retailmanager/*.class]
02:35:05.276 [Test worker] DEBUG org.springframework.core.io.support.PathMatchingResourcePatternResolver - Resolved location pattern [classpath*:com/db/retailmanager/*.class] to resources [file [D:\github\RetailManagerService\build\classes\java\test\com\db\retailmanager\RetailmanagerserviceApplicationTests.class], file [D:\github\RetailManagerService\build\classes\java\main\com\db\retailmanager\RetailManagerApplication.class]]
02:35:05.308 [Test worker] DEBUG org.springframework.context.annotation.ClassPathScanningCandidateComponentProvider - Identified candidate component class: file [D:\github\RetailManagerService\build\classes\java\main\com\db\retailmanager\RetailManagerApplication.class]
02:35:05.310 [Test worker] INFO org.springframework.boot.test.context.SpringBootTestContextBootstrapper - Found @SpringBootConfiguration com.db.retailmanager.RetailManagerApplication for test class com.db.retailmanager.api.RetailManagerControllerTest
02:35:05.316 [Test worker] DEBUG org.springframework.boot.test.context.SpringBootTestContextBootstrapper - @TestExecutionListeners is not present for class [com.db.retailmanager.api.RetailManagerControllerTest]: using defaults.
02:35:05.321 [Test worker] INFO org.springframework.boot.test.context.SpringBootTestContextBootstrapper - Loaded default TestExecutionListener class names from location [META-INF/spring.factories]: [org.springframework.boot.test.autoconfigure.restdocs.RestDocsTestExecutionListener, org.springframework.boot.test.autoconfigure.web.client.MockRestServiceServerResetTestExecutionListener, org.springframework.boot.test.autoconfigure.web.servlet.MockMvcPrintOnlyOnFailureTestExecutionListener, org.springframework.boot.test.autoconfigure.web.servlet.WebDriverTestExecutionListener, org.springframework.boot.test.mock.mockito.MockitoTestExecutionListener, org.springframework.boot.test.mock.mockito.ResetMocksTestExecutionListener, org.springframework.test.context.web.ServletTestExecutionListener, org.springframework.test.context.support.DirtiesContextBeforeModesTestExecutionListener, org.springframework.test.context.support.DependencyInjectionTestExecutionListener, org.springframework.test.context.support.DirtiesContextTestExecutionListener, org.springframework.test.context.transaction.TransactionalTestExecutionListener, org.springframework.test.context.jdbc.SqlScriptsTestExecutionListener]
02:35:05.339 [Test worker] INFO org.springframework.boot.test.context.SpringBootTestContextBootstrapper - Could not instantiate TestExecutionListener [org.springframework.test.context.transaction.TransactionalTestExecutionListener]. Specify custom listener classes or make the default listener classes (and their required dependencies) available. Offending class: [org/springframework/transaction/interceptor/TransactionAttributeSource]
02:35:05.340 [Test worker] INFO org.springframework.boot.test.context.SpringBootTestContextBootstrapper - Could not instantiate TestExecutionListener [org.springframework.test.context.jdbc.SqlScriptsTestExecutionListener]. Specify custom listener classes or make the default listener classes (and their required dependencies) available. Offending class: [org/springframework/transaction/interceptor/TransactionAttribute]
02:35:05.342 [Test worker] INFO org.springframework.boot.test.context.SpringBootTestContextBootstrapper - Using TestExecutionListeners: [org.springframework.test.context.web.ServletTestExecutionListener@2fed5c72, org.springframework.test.context.support.DirtiesContextBeforeModesTestExecutionListener@64dd38fa, org.springframework.boot.test.autoconfigure.SpringBootDependencyInjectionTestExecutionListener@2aa0cf46, org.springframework.test.context.support.DirtiesContextTestExecutionListener@20a85325, org.springframework.boot.test.autoconfigure.web.servlet.WebDriverTestExecutionListener@65e3958e, org.springframework.boot.test.mock.mockito.MockitoTestExecutionListener@68f46b20, org.springframework.boot.test.autoconfigure.web.client.MockRestServiceServerResetTestExecutionListener@44024387, org.springframework.boot.test.mock.mockito.ResetMocksTestExecutionListener@26510159, org.springframework.boot.test.autoconfigure.restdocs.RestDocsTestExecutionListener@5f67aff8, org.springframework.boot.test.autoconfigure.web.servlet.MockMvcPrintOnlyOnFailureTestExecutionListener@1401625f]
02:35:05.346 [Test worker] DEBUG org.springframework.test.annotation.ProfileValueUtils - Retrieved @ProfileValueSourceConfiguration [null] for test class [com.db.retailmanager.api.RetailManagerControllerTest]
02:35:05.348 [Test worker] DEBUG org.springframework.test.annotation.ProfileValueUtils - Retrieved ProfileValueSource type [class org.springframework.test.annotation.SystemProfileValueSource] for class [com.db.retailmanager.api.RetailManagerControllerTest]
02:35:05.349 [Test worker] DEBUG org.springframework.test.annotation.ProfileValueUtils - Retrieved @ProfileValueSourceConfiguration [null] for test class [com.db.retailmanager.api.RetailManagerControllerTest]
02:35:05.350 [Test worker] DEBUG org.springframework.test.annotation.ProfileValueUtils - Retrieved ProfileValueSource type [class org.springframework.test.annotation.SystemProfileValueSource] for class [com.db.retailmanager.api.RetailManagerControllerTest]
02:35:05.355 [Test worker] DEBUG org.springframework.test.context.support.AbstractDirtiesContextTestExecutionListener - Before test class: context [DefaultTestContext@20f1851 testClass = RetailManagerControllerTest, testInstance = [null], testMethod = [null], testException = [null], mergedContextConfiguration = [WebMergedContextConfiguration@5e03803b testClass = RetailManagerControllerTest, locations = '{}', classes = '{class com.db.retailmanager.RetailManagerApplication}', contextInitializerClasses = '[]', activeProfiles = '{}', propertySourceLocations = '{}', propertySourceProperties = '{org.springframework.boot.test.context.SpringBootTestContextBootstrapper=true}', contextCustomizers = set[org.springframework.boot.test.autoconfigure.properties.PropertyMappingContextCustomizer@e7e8512, org.springframework.boot.test.autoconfigure.web.servlet.WebDriverContextCustomizerFactory$Customizer@50ea915e, [ImportsContextCustomizer@4da85966 key = [org.springframework.boot.test.autoconfigure.web.servlet.MockMvcAutoConfiguration, org.springframework.boot.test.autoconfigure.web.servlet.MockMvcSecurityAutoConfiguration, org.springframework.boot.test.autoconfigure.web.servlet.MockMvcWebClientAutoConfiguration, org.springframework.boot.test.autoconfigure.web.servlet.MockMvcWebDriverAutoConfiguration]], org.springframework.boot.test.context.SpringBootTestContextCustomizer@46208ca8, org.springframework.boot.test.context.filter.ExcludeFilterContextCustomizer@7598af, org.springframework.boot.test.json.DuplicateJsonObjectContextCustomizerFactory$DuplicateJsonObjectContextCustomizer@63a4ae06, org.springframework.boot.test.mock.mockito.MockitoContextCustomizer@0], resourceBasePath = 'src/main/webapp', contextLoader = 'org.springframework.boot.test.context.SpringBootContextLoader', parent = [null]]], class annotated with @DirtiesContext [false] with mode [null].
02:35:05.355 [Test worker] DEBUG org.springframework.test.annotation.ProfileValueUtils - Retrieved @ProfileValueSourceConfiguration [null] for test class [com.db.retailmanager.api.RetailManagerControllerTest]
02:35:05.355 [Test worker] DEBUG org.springframework.test.annotation.ProfileValueUtils - Retrieved ProfileValueSource type [class org.springframework.test.annotation.SystemProfileValueSource] for class [com.db.retailmanager.api.RetailManagerControllerTest]
02:35:05.435 [Test worker] DEBUG org.springframework.core.env.StandardEnvironment - Adding PropertySource 'systemProperties' with lowest search precedence
02:35:05.435 [Test worker] DEBUG org.springframework.core.env.StandardEnvironment - Adding PropertySource 'systemEnvironment' with lowest search precedence
02:35:05.435 [Test worker] DEBUG org.springframework.core.env.StandardEnvironment - Initialized StandardEnvironment with PropertySources [MapPropertySource@1594365989 {name='systemProperties', properties={java.runtime.name=Java(TM) SE Runtime Environment, sun.boot.library.path=C:\MyApps\java\jdk-8u77-windows-x64\jre\bin, java.vm.version=25.77-b03, java.vm.vendor=Oracle Corporation, java.vendor.url=http://java.oracle.com/, path.separator=;, java.vm.name=Java HotSpot(TM) 64-Bit Server VM, file.encoding.pkg=sun.io, user.script=, sun.java.launcher=SUN_STANDARD, user.country=IN, sun.os.patch.level=, java.vm.specification.name=Java Virtual Machine Specification, user.dir=D:\github\RetailManagerService, java.runtime.version=1.8.0_77-b03, java.awt.graphicsenv=sun.awt.Win32GraphicsEnvironment, java.endorsed.dirs=C:\MyApps\java\jdk-8u77-windows-x64\jre\lib\endorsed, os.arch=amd64, java.io.tmpdir=C:\Users\aadvik\AppData\Local\Temp\, line.separator=
, java.vm.specification.vendor=Oracle Corporation, user.variant=, os.name=Windows 10, sun.jnu.encoding=Cp1252, java.library.path=C:\MyApps\java\jdk-8u77-windows-x64\bin;C:\WINDOWS\Sun\Java\bin;C:\WINDOWS\system32;C:\WINDOWS;C:\MyApps\gradle-4.3\bin\;C:\ProgramData\Oracle\Java\javapath;C:\Program Files (x86)\Intel\iCLS Client\;C:\Program Files\Intel\iCLS Client\;C:\Windows\system32;C:\Windows;C:\Windows\System32\Wbem;C:\Windows\System32\WindowsPowerShell\v1.0\;C:\Program Files (x86)\Intel\Intel(R) Management Engine Components\DAL;C:\Program Files\Intel\Intel(R) Management Engine Components\DAL;C:\Program Files (x86)\Intel\Intel(R) Management Engine Components\IPT;C:\Program Files\Intel\Intel(R) Management Engine Components\IPT;C:\Program Files (x86)\NVIDIA Corporation\PhysX\Common;C:\WINDOWS\system32;C:\WINDOWS;C:\WINDOWS\System32\Wbem;C:\WINDOWS\System32\WindowsPowerShell\v1.0\;C:\Users\aadvik\AppData\Local\Microsoft\WindowsApps;;., java.specification.name=Java Platform API Specification, java.class.version=52.0, org.gradle.native=false, sun.management.compiler=HotSpot 64-Bit Tiered Compilers, os.version=10.0, user.home=C:\Users\aadvik, user.timezone=Asia/Calcutta, java.awt.printerjob=sun.awt.windows.WPrinterJob, file.encoding=windows-1252, java.specification.version=1.8, java.class.path=D:\github\RetailManagerService\build\classes\java\test;D:\github\RetailManagerService\build\resources\test;D:\github\RetailManagerService\build\classes\java\main;D:\github\RetailManagerService\build\resources\main;C:\Users\aadvik\.gradle\caches\modules-2\files-2.1\org.springframework.boot\spring-boot-starter-web\1.5.8.RELEASE\7e0dc79e3b47be4539ad3c033639133ae6b7a17e\spring-boot-starter-web-1.5.8.RELEASE.jar;C:\Users\aadvik\.gradle\caches\modules-2\files-2.1\org.springframework.boot\spring-boot-starter-jetty\1.5.8.RELEASE\580345e9e989cd9abd8038bf928daa98b932cb50\spring-boot-starter-jetty-1.5.8.RELEASE.jar;C:\Users\aadvik\.gradle\caches\modules-2\files-2.1\org.springframework.boot\spring-boot-starter-actuator\1.5.8.RELEASE\927c40a1af518dc240dfdf7aaf0a9673c3a127c5\spring-boot-starter-actuator-1.5.8.RELEASE.jar;C:\Users\aadvik\.gradle\caches\modules-2\files-2.1\com.google.maps\google-maps-services\0.1.19\c44e78878ed5187c7d10295664dc3988b5bc255d\google-maps-services-0.1.19.jar;C:\Users\aadvik\.gradle\caches\modules-2\files-2.1\org.springframework.boot\spring-boot-starter-test\1.5.8.RELEASE\20b767f594924b32950286f1236ab7d68ff861f9\spring-boot-starter-test-1.5.8.RELEASE.jar;C:\Users\aadvik\.gradle\caches\modules-2\files-2.1\junit\junit\4.12\2973d150c0dc1fefe998f834810d68f278ea58ec\junit-4.12.jar;C:\Users\aadvik\.gradle\caches\modules-2\files-2.1\org.springframework.boot\spring-boot-starter\1.5.8.RELEASE\18048efe1f06569022a53cc3fb2fe9c0162935a3\spring-boot-starter-1.5.8.RELEASE.jar;C:\Users\aadvik\.gradle\caches\modules-2\files-2.1\org.hibernate\hibernate-validator\5.3.5.Final\622a9bcef2eed6d41b5b8e0662c36212009e375\hibernate-validator-5.3.5.Final.jar;C:\Users\aadvik\.gradle\caches\modules-2\files-2.1\org.springframework.boot\spring-boot-actuator\1.5.8.RELEASE\aac530fe877ed91c92831019755c49f29b08e6\spring-boot-actuator-1.5.8.RELEASE.jar;C:\Users\aadvik\.gradle\caches\modules-2\files-2.1\com.fasterxml.jackson.core\jackson-databind\2.8.10\f7b83cb2bc4b88d53961e749e1ad32f49ef017b7\jackson-databind-2.8.10.jar;C:\Users\aadvik\.gradle\caches\modules-2\files-2.1\org.springframework\spring-webmvc\4.3.12.RELEASE\986e5dcd4435e780f6be64f8185eaa51523cf851\spring-webmvc-4.3.12.RELEASE.jar;C:\Users\aadvik\.gradle\caches\modules-2\files-2.1\org.springframework\spring-web\4.3.12.RELEASE\86c29588cca74d0fc848b194cb13fcdfd12bc990\spring-web-4.3.12.RELEASE.jar;C:\Users\aadvik\.gradle\caches\modules-2\files-2.1\org.eclipse.jetty\jetty-servlets\9.4.7.v20170914\a0b1f50faf6ea178e4e1b46072794ebbb4c682e9\jetty-servlets-9.4.7.v20170914.jar;C:\Users\aadvik\.gradle\caches\modules-2\files-2.1\org.eclipse.jetty.websocket\javax-websocket-server-impl\9.4.7.v20170914\45e2d7106f87f7950928447b7124e07e68b3f9a3\javax-websocket-server-impl-9.4.7.v20170914.jar;C:\Users\aadvik\.gradle\caches\modules-2\files-2.1\org.eclipse.jetty\jetty-annotations\9.4.7.v20170914\fb2649517a94753465c9dfa05965a5caf471ffcf\jetty-annotations-9.4.7.v20170914.jar;C:\Users\aadvik\.gradle\caches\modules-2\files-2.1\org.eclipse.jetty\jetty-plus\9.4.7.v20170914\862942bedb3d071e475770494b017efc6efa5a4f\jetty-plus-9.4.7.v20170914.jar;C:\Users\aadvik\.gradle\caches\modules-2\files-2.1\org.eclipse.jetty\jetty-webapp\9.4.7.v20170914\cb3f5561ad15a750dcb0cfdcc2db6df141df74b2\jetty-webapp-9.4.7.v20170914.jar;C:\Users\aadvik\.gradle\caches\modules-2\files-2.1\org.eclipse.jetty.websocket\websocket-server\9.4.7.v20170914\560ebb2f187c0f61b07b24eb667f669941beff89\websocket-server-9.4.7.v20170914.jar;C:\Users\aadvik\.gradle\caches\modules-2\files-2.1\org.mortbay.jasper\apache-el\8.0.33\1b8fa2179b3937cada939317bb135815e79c0ac2\apache-el-8.0.33.jar;C:\Users\aadvik\.gradle\caches\modules-2\files-2.1\com.google.code.gson\gson\2.8.2\3edcfe49d2c6053a70a2a47e4e1c2f94998a49cf\gson-2.8.2.jar;C:\Users\aadvik\.gradle\caches\modules-2\files-2.1\com.squareup.okhttp\okhttp\2.7.5\7a15a7db50f86c4b64aa3367424a60e3a325b8f1\okhttp-2.7.5.jar;C:\Users\aadvik\.gradle\caches\modules-2\files-2.1\joda-time\joda-time\2.9.9\f7b520c458572890807d143670c9b24f4de90897\joda-time-2.9.9.jar;C:\Users\aadvik\.gradle\caches\modules-2\files-2.1\com.jayway.jsonpath\json-path\2.2.0\22290d17944bd239fabf5ac69005a60a7ecbbbcb\json-path-2.2.0.jar;C:\Users\aadvik\.gradle\caches\modules-2\files-2.1\org.springframework.boot\spring-boot-starter-logging\1.5.8.RELEASE\ebc00a0e46753d90431fdcc5e3d6b9fd3bf1564a\spring-boot-starter-logging-1.5.8.RELEASE.jar;C:\Users\aadvik\.gradle\caches\modules-2\files-2.1\ch.qos.logback\logback-classic\1.1.11\ccedfbacef4a6515d2983e3f89ed753d5d4fb665\logback-classic-1.1.11.jar;C:\Users\aadvik\.gradle\caches\modules-2\files-2.1\org.slf4j\jcl-over-slf4j\1.7.25\f8c32b13ff142a513eeb5b6330b1588dcb2c0461\jcl-over-slf4j-1.7.25.jar;C:\Users\aadvik\.gradle\caches\modules-2\files-2.1\org.slf4j\jul-to-slf4j\1.7.25\af5364cd6679bfffb114f0dec8a157aaa283b76\jul-to-slf4j-1.7.25.jar;C:\Users\aadvik\.gradle\caches\modules-2\files-2.1\org.slf4j\log4j-over-slf4j\1.7.25\a87bb47468f47ee7aabbd54f93e133d4215769c3\log4j-over-slf4j-1.7.25.jar;C:\Users\aadvik\.gradle\caches\modules-2\files-2.1\org.slf4j\slf4j-api\1.7.25\da76ca59f6a57ee3102f8f9bd9cee742973efa8a\slf4j-api-1.7.25.jar;C:\Users\aadvik\.gradle\caches\modules-2\files-2.1\org.mockito\mockito-core\1.10.19\e8546f5bef4e061d8dd73895b4e8f40e3fe6effe\mockito-core-1.10.19.jar;C:\Users\aadvik\.gradle\caches\modules-2\files-2.1\org.hamcrest\hamcrest-library\1.3\4785a3c21320980282f9f33d0d1264a69040538f\hamcrest-library-1.3.jar;C:\Users\aadvik\.gradle\caches\modules-2\files-2.1\org.hamcrest\hamcrest-core\1.3\42a25dc3219429f0e5d060061f71acb49bf010a0\hamcrest-core-1.3.jar;C:\Users\aadvik\.gradle\caches\modules-2\files-2.1\org.springframework.boot\spring-boot-test-autoconfigure\1.5.8.RELEASE\a8f986cc4b6ecef1417fe50c20984f12f54d15cc\spring-boot-test-autoconfigure-1.5.8.RELEASE.jar;C:\Users\aadvik\.gradle\caches\modules-2\files-2.1\org.springframework.boot\spring-boot-test\1.5.8.RELEASE\17dedee86d1a9e9bd409d715fd90650ca1049659\spring-boot-test-1.5.8.RELEASE.jar;C:\Users\aadvik\.gradle\caches\modules-2\files-2.1\org.assertj\assertj-core\2.6.0\b532c3fc4f66bcfee4989a3514f1cd56203a33ad\assertj-core-2.6.0.jar;C:\Users\aadvik\.gradle\caches\modules-2\files-2.1\org.skyscreamer\jsonassert\1.4.0\9cdbb373a06f6513e51e8c545ee6a5e981463edb\jsonassert-1.4.0.jar;C:\Users\aadvik\.gradle\caches\modules-2\files-2.1\org.springframework\spring-test\4.3.12.RELEASE\825a7ac1014528db722a6cc94cceaef2410cb314\spring-test-4.3.12.RELEASE.jar;C:\Users\aadvik\.gradle\caches\modules-2\files-2.1\org.springframework.boot\spring-boot-autoconfigure\1.5.8.RELEASE\e4f2efa4c319f4e3613d94fbccfdb5ccda6873e3\spring-boot-autoconfigure-1.5.8.RELEASE.jar;C:\Users\aadvik\.gradle\caches\modules-2\files-2.1\org.springframework.boot\spring-boot\1.5.8.RELEASE\748ebde51761e12627ad23d064024f342b18f9b4\spring-boot-1.5.8.RELEASE.jar;C:\Users\aadvik\.gradle\caches\modules-2\files-2.1\org.springframework\spring-context\4.3.12.RELEASE\5e6d26f36636f36b7efec1d6a0c5991284fbd95b\spring-context-4.3.12.RELEASE.jar;C:\Users\aadvik\.gradle\caches\modules-2\files-2.1\org.springframework\spring-expression\4.3.12.RELEASE\790f69f6ad7f9da8d4a92c603ad7244c398c8309\spring-expression-4.3.12.RELEASE.jar;C:\Users\aadvik\.gradle\caches\modules-2\files-2.1\org.springframework\spring-aop\4.3.12.RELEASE\b3fef085902993c2ef874c45c7bfd79296d5a5a4\spring-aop-4.3.12.RELEASE.jar;C:\Users\aadvik\.gradle\caches\modules-2\files-2.1\org.springframework\spring-beans\4.3.12.RELEASE\547dd432d47d0f01d9ccbedc4b705f9f7c1240a\spring-beans-4.3.12.RELEASE.jar;C:\Users\aadvik\.gradle\caches\modules-2\files-2.1\org.springframework\spring-core\4.3.12.RELEASE\4cebc69478c6d350dbd5af28e3db7d5694f416e3\spring-core-4.3.12.RELEASE.jar;C:\Users\aadvik\.gradle\caches\modules-2\files-2.1\org.yaml\snakeyaml\1.17\7a27ea250c5130b2922b86dea63cbb1cc10a660c\snakeyaml-1.17.jar;C:\Users\aadvik\.gradle\caches\modules-2\files-2.1\javax.validation\validation-api\1.1.0.Final\8613ae82954779d518631e05daa73a6a954817d5\validation-api-1.1.0.Final.jar;C:\Users\aadvik\.gradle\caches\modules-2\files-2.1\org.jboss.logging\jboss-logging\3.3.1.Final\c46217ab74b532568c0ed31dc599db3048bd1b67\jboss-logging-3.3.1.Final.jar;C:\Users\aadvik\.gradle\caches\modules-2\files-2.1\com.fasterxml\classmate\1.3.4\3d5f48f10bbe4eb7bd862f10c0583be2e0053c6\classmate-1.3.4.jar;C:\Users\aadvik\.gradle\caches\modules-2\files-2.1\com.fasterxml.jackson.core\jackson-annotations\2.8.0\45b426f7796b741035581a176744d91090e2e6fb\jackson-annotations-2.8.0.jar;C:\Users\aadvik\.gradle\caches\modules-2\files-2.1\com.fasterxml.jackson.core\jackson-core\2.8.10\eb21a035c66ad307e66ec8fce37f5d50fd62d039\jackson-core-2.8.10.jar;C:\Users\aadvik\.gradle\caches\modules-2\files-2.1\org.eclipse.jetty\jetty-continuation\9.4.7.v20170914\6b2aaa9da3e11e0f12bba9a80e74a389ab0d045e\jetty-continuation-9.4.7.v20170914.jar;C:\Users\aadvik\.gradle\caches\modules-2\files-2.1\org.eclipse.jetty.websocket\javax-websocket-client-impl\9.4.7.v20170914\94e54b803406f711e2f9636dd658e497e2ca9e67\javax-websocket-client-impl-9.4.7.v20170914.jar;C:\Users\aadvik\.gradle\caches\modules-2\files-2.1\org.eclipse.jetty.websocket\websocket-client\9.4.7.v20170914\693b3492e04b78757d88544f321076265909a503\websocket-client-9.4.7.v20170914.jar;C:\Users\aadvik\.gradle\caches\modules-2\files-2.1\org.eclipse.jetty\jetty-client\9.4.7.v20170914\b1026e2f37cfaf626b7c42c05ce1ec83cd6609ec\jetty-client-9.4.7.v20170914.jar;C:\Users\aadvik\.gradle\caches\modules-2\files-2.1\org.eclipse.jetty\jetty-servlet\9.4.7.v20170914\980023d7ac2504839f89f337de76c345b21808a1\jetty-servlet-9.4.7.v20170914.jar;C:\Users\aadvik\.gradle\caches\modules-2\files-2.1\org.eclipse.jetty\jetty-security\9.4.7.v20170914\5119551fb6f19c556ea40588ab4c8f11967796ad\jetty-security-9.4.7.v20170914.jar;C:\Users\aadvik\.gradle\caches\modules-2\files-2.1\org.eclipse.jetty\jetty-server\9.4.7.v20170914\886adb1b347f42698ea5482e600033428ad32afb\jetty-server-9.4.7.v20170914.jar;C:\Users\aadvik\.gradle\caches\modules-2\files-2.1\org.eclipse.jetty\jetty-http\9.4.7.v20170914\44a0adb69ff6131129df34d43b28e196c8ce0a90\jetty-http-9.4.7.v20170914.jar;C:\Users\aadvik\.gradle\caches\modules-2\files-2.1\org.eclipse.jetty.websocket\websocket-common\9.4.7.v20170914\47d18802581af0a1c458f7074a47e6e07ee864a0\websocket-common-9.4.7.v20170914.jar;C:\Users\aadvik\.gradle\caches\modules-2\files-2.1\org.eclipse.jetty\jetty-io\9.4.7.v20170914\a51742105ec2665f5ad80c17c784b388cb855329\jetty-io-9.4.7.v20170914.jar;C:\Users\aadvik\.gradle\caches\modules-2\files-2.1\org.eclipse.jetty\jetty-xml\9.4.7.v20170914\203e38c00bba11bcb72b41c8d7a1714df61f31e5\jetty-xml-9.4.7.v20170914.jar;C:\Users\aadvik\.gradle\caches\modules-2\files-2.1\org.eclipse.jetty\jetty-util\9.4.7.v20170914\771efdf5983c174d6d9c58892108c1c2d018404a\jetty-util-9.4.7.v20170914.jar;C:\Users\aadvik\.gradle\caches\modules-2\files-2.1\org.eclipse.jetty.websocket\websocket-servlet\9.4.7.v20170914\a75e6706b6af7a87bd3edebbddc45e6cb525f321\websocket-servlet-9.4.7.v20170914.jar;C:\Users\aadvik\.gradle\caches\modules-2\files-2.1\javax.websocket\javax.websocket-api\1.0\fc843b649d4a1dcb0497669d262befa3918c7ba8\javax.websocket-api-1.0.jar;C:\Users\aadvik\.gradle\caches\modules-2\files-2.1\com.squareup.okio\okio\1.6.0\98476622f10715998eacf9240d6b479f12c66143\okio-1.6.0.jar;C:\Users\aadvik\.gradle\caches\modules-2\files-2.1\net.minidev\json-smart\2.2.1\5b9e5df7a62d1279b70dc882b041d249c4f0b002\json-smart-2.2.1.jar;C:\Users\aadvik\.gradle\caches\modules-2\files-2.1\org.objenesis\objenesis\2.1\87c0ea803b69252868d09308b4618f766f135a96\objenesis-2.1.jar;C:\Users\aadvik\.gradle\caches\modules-2\files-2.1\com.vaadin.external.google\android-json\0.0.20131108.vaadin1\fa26d351fe62a6a17f5cda1287c1c6110dec413f\android-json-0.0.20131108.vaadin1.jar;C:\Users\aadvik\.gradle\caches\modules-2\files-2.1\org.eclipse.jetty.websocket\websocket-api\9.4.7.v20170914\aa7717f73a613c338bda18bfa5b7bd8b6917330\websocket-api-9.4.7.v20170914.jar;C:\Users\aadvik\.gradle\caches\modules-2\files-2.1\javax.servlet\javax.servlet-api\3.1.0\3cd63d075497751784b2fa84be59432f4905bf7c\javax.servlet-api-3.1.0.jar;C:\Users\aadvik\.gradle\caches\modules-2\files-2.1\javax.annotation\javax.annotation-api\1.2\479c1e06db31c432330183f5cae684163f186146\javax.annotation-api-1.2.jar;C:\Users\aadvik\.gradle\caches\modules-2\files-2.1\net.minidev\accessors-smart\1.1\a527213f2fea112a04c9bdf0ec0264e34104cd08\accessors-smart-1.1.jar;C:\Users\aadvik\.gradle\caches\modules-2\files-2.1\org.ow2.asm\asm-commons\5.1\25d8a575034dd9cfcb375a39b5334f0ba9c8474e\asm-commons-5.1.jar;C:\Users\aadvik\.gradle\caches\modules-2\files-2.1\org.ow2.asm\asm-tree\5.1\87b38c12a0ea645791ead9d3e74ae5268d1d6c34\asm-tree-5.1.jar;C:\Users\aadvik\.gradle\caches\modules-2\files-2.1\org.ow2.asm\asm\5.1\5ef31c4fe953b1fd00b8a88fa1d6820e8785bb45\asm-5.1.jar;C:\Users\aadvik\.gradle\caches\modules-2\files-2.1\ch.qos.logback\logback-core\1.1.11\88b8df40340eed549fb07e2613879bf6b006704d\logback-core-1.1.11.jar, user.name=aadvik, java.vm.specification.version=1.8, sun.java.command=worker.org.gradle.process.internal.worker.GradleWorkerMain 'Gradle Test Executor 5', java.home=C:\MyApps\java\jdk-8u77-windows-x64\jre, sun.arch.data.model=64, user.language=en, java.specification.vendor=Oracle Corporation, awt.toolkit=sun.awt.windows.WToolkit, java.vm.info=mixed mode, java.version=1.8.0_77, java.ext.dirs=C:\MyApps\java\jdk-8u77-windows-x64\jre\lib\ext;C:\WINDOWS\Sun\Java\lib\ext, sun.boot.class.path=C:\MyApps\java\jdk-8u77-windows-x64\jre\lib\resources.jar;C:\MyApps\java\jdk-8u77-windows-x64\jre\lib\rt.jar;C:\MyApps\java\jdk-8u77-windows-x64\jre\lib\sunrsasign.jar;C:\MyApps\java\jdk-8u77-windows-x64\jre\lib\jsse.jar;C:\MyApps\java\jdk-8u77-windows-x64\jre\lib\jce.jar;C:\MyApps\java\jdk-8u77-windows-x64\jre\lib\charsets.jar;C:\MyApps\java\jdk-8u77-windows-x64\jre\lib\jfr.jar;C:\MyApps\java\jdk-8u77-windows-x64\jre\classes, java.vendor=Oracle Corporation, org.gradle.test.worker=5, file.separator=\, java.vendor.url.bug=http://bugreport.sun.com/bugreport/, sun.io.unicode.encoding=UnicodeLittle, sun.cpu.endian=little, sun.desktop=windows, sun.cpu.isalist=amd64}}, SystemEnvironmentPropertySource@1736533004 {name='systemEnvironment', properties={USERDOMAIN_ROAMINGPROFILE=AADVIK, PROCESSOR_LEVEL=6, SESSIONNAME=Console, ALLUSERSPROFILE=C:\ProgramData, PROCESSOR_ARCHITECTURE=AMD64, PSModulePath=C:\Users\aadvik\Documents\WindowsPowerShell\Modules;C:\Program Files\WindowsPowerShell\Modules;C:\WINDOWS\system32\WindowsPowerShell\v1.0\Modules\, SystemDrive=C:, DIRNAME=C:\MyApps\gradle-4.3\bin\, USERNAME=aadvik, CMD_LINE_ARGS=build, ProgramFiles(x86)=C:\Program Files (x86), FPS_BROWSER_USER_PROFILE_STRING=Default, APP_HOME=C:\MyApps\gradle-4.3\bin\.., PATHEXT=.COM;.EXE;.BAT;.CMD;.VBS;.VBE;.JS;.JSE;.WSF;.WSH;.MSC;.CPL, ProgramData=C:\ProgramData, ProgramW6432=C:\Program Files, HOMEPATH=\Users\aadvik, PROCESSOR_IDENTIFIER=Intel64 Family 6 Model 78 Stepping 3, GenuineIntel, ProgramFiles=C:\Program Files, PUBLIC=C:\Users\Public, windir=C:\WINDOWS, =::=::\, _SKIP=2, LOCALAPPDATA=C:\Users\aadvik\AppData\Local, USERDOMAIN=AADVIK, FPS_BROWSER_APP_PROFILE_STRING=Internet Explorer, LOGONSERVER=\\AADVIK, JAVA_HOME=C:\MyApps\java\jdk-8u77-windows-x64\, PROMPT=$P$G, OneDrive=D:\Cloud\OneDrive, APPDATA=C:\Users\aadvik\AppData\Roaming, JAVA_EXE=C:\MyApps\java\jdk-8u77-windows-x64\/bin/java.exe, VBOX_MSI_INSTALL_PATH=C:\Program Files\Oracle\VirtualBox\, CommonProgramFiles=C:\Program Files\Common Files, Path=C:\MyApps\gradle-4.3\bin\;C:\ProgramData\Oracle\Java\javapath;C:\Program Files (x86)\Intel\iCLS Client\;C:\Program Files\Intel\iCLS Client\;C:\Windows\system32;C:\Windows;C:\Windows\System32\Wbem;C:\Windows\System32\WindowsPowerShell\v1.0\;C:\Program Files (x86)\Intel\Intel(R) Management Engine Components\DAL;C:\Program Files\Intel\Intel(R) Management Engine Components\DAL;C:\Program Files (x86)\Intel\Intel(R) Management Engine Components\IPT;C:\Program Files\Intel\Intel(R) Management Engine Components\IPT;C:\Program Files (x86)\NVIDIA Corporation\PhysX\Common;C:\WINDOWS\system32;C:\WINDOWS;C:\WINDOWS\System32\Wbem;C:\WINDOWS\System32\WindowsPowerShell\v1.0\;C:\Users\aadvik\AppData\Local\Microsoft\WindowsApps;, OS=Windows_NT, COMPUTERNAME=AADVIK, PROCESSOR_REVISION=4e03, CLASSPATH=C:\MyApps\gradle-4.3\bin\..\lib\gradle-launcher-4.3.jar, CommonProgramW6432=C:\Program Files\Common Files, ComSpec=C:\WINDOWS\system32\cmd.exe, APP_BASE_NAME=gradle, =D:=D:\github\RetailManagerService, SystemRoot=C:\WINDOWS, TEMP=C:\Users\aadvik\AppData\Local\Temp, HOMEDRIVE=C:, USERPROFILE=C:\Users\aadvik, TMP=C:\Users\aadvik\AppData\Local\Temp, CommonProgramFiles(x86)=C:\Program Files (x86)\Common Files, NUMBER_OF_PROCESSORS=4}}]
02:35:05.451 [Test worker] DEBUG org.springframework.core.env.MutablePropertySources - Adding PropertySource 'inline' with highest search precedence
02:35:05.451 [Test worker] DEBUG org.springframework.test.context.support.TestPropertySourceUtils - Adding inlined properties to environment: {spring.jmx.enabled=false, org.springframework.boot.test.context.SpringBootTestContextBootstrapper=true, server.port=-1}
02:35:05.451 [Test worker] DEBUG org.springframework.core.env.StandardEnvironment - Adding PropertySource 'Inlined Test Properties' with highest search precedence

  .   ____          _            __ _ _
 /\\ / ___'_ __ _ _(_)_ __  __ _ \ \ \ \
( ( )\___ | '_ | '_| | '_ \/ _` | \ \ \ \
 \\/  ___)| |_)| | | | | || (_| |  ) ) ) )
  '  |____| .__|_| |_|_| |_\__, | / / / /
 =========|_|==============|___/=/_/_/_/
 :: Spring Boot ::        (v1.5.8.RELEASE)

2017-11-16 02:35:05.882  INFO 7672 --- [    Test worker] c.d.r.api.RetailManagerControllerTest    : Starting RetailManagerControllerTest on aadvik with PID 7672 (started by aadvik in D:\github\RetailManagerService)
2017-11-16 02:35:05.884  INFO 7672 --- [    Test worker] c.d.r.api.RetailManagerControllerTest    : No active profile set, falling back to default profiles: default
2017-11-16 02:35:05.942  INFO 7672 --- [    Test worker] o.s.w.c.s.GenericWebApplicationContext   : Refreshing org.springframework.web.context.support.GenericWebApplicationContext@725e4daf: startup date [Thu Nov 16 02:35:05 IST 2017]; root of context hierarchy
2017-11-16 02:35:07.726  INFO 7672 --- [    Test worker] c.d.r.r.RetailManagerRepositoryInMemory  : RetailManagerRepositoryInMemory : adding Shop [shopName=Dummy Shop One, shopAddress=ShopAddress [number=1, postCode=600001], shopLongitude=80.2865916, shopLatitude=13.0963045]
2017-11-16 02:35:07.726  INFO 7672 --- [    Test worker] c.d.r.r.RetailManagerRepositoryInMemory  : Adding new shop
2017-11-16 02:35:07.726  INFO 7672 --- [    Test worker] c.d.r.r.RetailManagerRepositoryInMemory  : RetailManagerRepositoryInMemory : adding Shop [shopName=Dummy Shop Two, shopAddress=ShopAddress [number=1, postCode=100001], shopLongitude=0.0, shopLatitude=39.9077718]
2017-11-16 02:35:07.741  INFO 7672 --- [    Test worker] c.d.r.r.RetailManagerRepositoryInMemory  : Adding new shop
2017-11-16 02:35:08.231  INFO 7672 --- [    Test worker] o.s.b.t.m.w.SpringBootMockServletContext : Initializing Spring FrameworkServlet ''
2017-11-16 02:35:08.231  INFO 7672 --- [    Test worker] o.s.t.web.servlet.TestDispatcherServlet  : FrameworkServlet '': initialization started
2017-11-16 02:35:08.449  INFO 7672 --- [    Test worker] s.w.s.m.m.a.RequestMappingHandlerMapping : Mapped "{[/],methods=[GET]}" onto public java.lang.String com.db.retailmanager.api.RetailManagerController.getInfo()
2017-11-16 02:35:08.449  INFO 7672 --- [    Test worker] s.w.s.m.m.a.RequestMappingHandlerMapping : Mapped "{[/api/shops],methods=[GET],produces=[application/json]}" onto public org.springframework.http.ResponseEntity<java.util.Collection<com.db.retailmanager.api.RetailManagerResponse>> com.db.retailmanager.api.RetailManagerController.getShops(java.lang.Float,java.lang.Float)
2017-11-16 02:35:08.449  INFO 7672 --- [    Test worker] s.w.s.m.m.a.RequestMappingHandlerMapping : Mapped "{[/api/shops],methods=[POST],consumes=[application/json],produces=[application/json]}" onto public org.springframework.http.ResponseEntity<com.db.retailmanager.api.RetailManagerResponse> com.db.retailmanager.api.RetailManagerController.addShop(com.db.retailmanager.api.RetailManagerRequest)
2017-11-16 02:35:08.465  INFO 7672 --- [    Test worker] s.w.s.m.m.a.RequestMappingHandlerMapping : Mapped "{[/error]}" onto public org.springframework.http.ResponseEntity<java.util.Map<java.lang.String, java.lang.Object>> org.springframework.boot.autoconfigure.web.BasicErrorController.error(javax.servlet.http.HttpServletRequest)
2017-11-16 02:35:08.465  INFO 7672 --- [    Test worker] s.w.s.m.m.a.RequestMappingHandlerMapping : Mapped "{[/error],produces=[text/html]}" onto public org.springframework.web.servlet.ModelAndView org.springframework.boot.autoconfigure.web.BasicErrorController.errorHtml(javax.servlet.http.HttpServletRequest,javax.servlet.http.HttpServletResponse)
2017-11-16 02:35:08.512  INFO 7672 --- [    Test worker] o.s.w.s.handler.SimpleUrlHandlerMapping  : Mapped URL path [/webjars/**] onto handler of type [class org.springframework.web.servlet.resource.ResourceHttpRequestHandler]
2017-11-16 02:35:08.512  INFO 7672 --- [    Test worker] o.s.w.s.handler.SimpleUrlHandlerMapping  : Mapped URL path [/**] onto handler of type [class org.springframework.web.servlet.resource.ResourceHttpRequestHandler]
2017-11-16 02:35:08.540  INFO 7672 --- [    Test worker] o.s.w.s.handler.SimpleUrlHandlerMapping  : Mapped URL path [/**/favicon.ico] onto handler of type [class org.springframework.web.servlet.resource.ResourceHttpRequestHandler]
2017-11-16 02:35:08.778  INFO 7672 --- [    Test worker] o.s.b.a.e.mvc.EndpointHandlerMapping     : Mapped "{[/info || /info.json],methods=[GET],produces=[application/vnd.spring-boot.actuator.v1+json || application/json]}" onto public java.lang.Object org.springframework.boot.actuate.endpoint.mvc.EndpointMvcAdapter.invoke()
2017-11-16 02:35:08.778  INFO 7672 --- [    Test worker] o.s.b.a.e.mvc.EndpointHandlerMapping     : Mapped "{[/auditevents || /auditevents.json],methods=[GET],produces=[application/vnd.spring-boot.actuator.v1+json || application/json]}" onto public org.springframework.http.ResponseEntity<?> org.springframework.boot.actuate.endpoint.mvc.AuditEventsMvcEndpoint.findByPrincipalAndAfterAndType(java.lang.String,java.util.Date,java.lang.String)
2017-11-16 02:35:08.778  INFO 7672 --- [    Test worker] o.s.b.a.e.mvc.EndpointHandlerMapping     : Mapped "{[/autoconfig || /autoconfig.json],methods=[GET],produces=[application/vnd.spring-boot.actuator.v1+json || application/json]}" onto public java.lang.Object org.springframework.boot.actuate.endpoint.mvc.EndpointMvcAdapter.invoke()
2017-11-16 02:35:08.778  INFO 7672 --- [    Test worker] o.s.b.a.e.mvc.EndpointHandlerMapping     : Mapped "{[/heapdump || /heapdump.json],methods=[GET],produces=[application/octet-stream]}" onto public void org.springframework.boot.actuate.endpoint.mvc.HeapdumpMvcEndpoint.invoke(boolean,javax.servlet.http.HttpServletRequest,javax.servlet.http.HttpServletResponse) throws java.io.IOException,javax.servlet.ServletException
2017-11-16 02:35:08.778  INFO 7672 --- [    Test worker] o.s.b.a.e.mvc.EndpointHandlerMapping     : Mapped "{[/beans || /beans.json],methods=[GET],produces=[application/vnd.spring-boot.actuator.v1+json || application/json]}" onto public java.lang.Object org.springframework.boot.actuate.endpoint.mvc.EndpointMvcAdapter.invoke()
2017-11-16 02:35:08.778  INFO 7672 --- [    Test worker] o.s.b.a.e.mvc.EndpointHandlerMapping     : Mapped "{[/configprops || /configprops.json],methods=[GET],produces=[application/vnd.spring-boot.actuator.v1+json || application/json]}" onto public java.lang.Object org.springframework.boot.actuate.endpoint.mvc.EndpointMvcAdapter.invoke()
2017-11-16 02:35:08.778  INFO 7672 --- [    Test worker] o.s.b.a.e.mvc.EndpointHandlerMapping     : Mapped "{[/mappings || /mappings.json],methods=[GET],produces=[application/vnd.spring-boot.actuator.v1+json || application/json]}" onto public java.lang.Object org.springframework.boot.actuate.endpoint.mvc.EndpointMvcAdapter.invoke()
2017-11-16 02:35:08.794  INFO 7672 --- [    Test worker] o.s.b.a.e.mvc.EndpointHandlerMapping     : Mapped "{[/health || /health.json],methods=[GET],produces=[application/vnd.spring-boot.actuator.v1+json || application/json]}" onto public java.lang.Object org.springframework.boot.actuate.endpoint.mvc.HealthMvcEndpoint.invoke(javax.servlet.http.HttpServletRequest,java.security.Principal)
2017-11-16 02:35:08.794  INFO 7672 --- [    Test worker] o.s.b.a.e.mvc.EndpointHandlerMapping     : Mapped "{[/loggers/{name:.*}],methods=[GET],produces=[application/vnd.spring-boot.actuator.v1+json || application/json]}" onto public java.lang.Object org.springframework.boot.actuate.endpoint.mvc.LoggersMvcEndpoint.get(java.lang.String)
2017-11-16 02:35:08.794  INFO 7672 --- [    Test worker] o.s.b.a.e.mvc.EndpointHandlerMapping     : Mapped "{[/loggers/{name:.*}],methods=[POST],consumes=[application/vnd.spring-boot.actuator.v1+json || application/json],produces=[application/vnd.spring-boot.actuator.v1+json || application/json]}" onto public java.lang.Object org.springframework.boot.actuate.endpoint.mvc.LoggersMvcEndpoint.set(java.lang.String,java.util.Map<java.lang.String, java.lang.String>)
2017-11-16 02:35:08.794  INFO 7672 --- [    Test worker] o.s.b.a.e.mvc.EndpointHandlerMapping     : Mapped "{[/loggers || /loggers.json],methods=[GET],produces=[application/vnd.spring-boot.actuator.v1+json || application/json]}" onto public java.lang.Object org.springframework.boot.actuate.endpoint.mvc.EndpointMvcAdapter.invoke()
2017-11-16 02:35:08.794  INFO 7672 --- [    Test worker] o.s.b.a.e.mvc.EndpointHandlerMapping     : Mapped "{[/metrics/{name:.*}],methods=[GET],produces=[application/vnd.spring-boot.actuator.v1+json || application/json]}" onto public java.lang.Object org.springframework.boot.actuate.endpoint.mvc.MetricsMvcEndpoint.value(java.lang.String)
2017-11-16 02:35:08.794  INFO 7672 --- [    Test worker] o.s.b.a.e.mvc.EndpointHandlerMapping     : Mapped "{[/metrics || /metrics.json],methods=[GET],produces=[application/vnd.spring-boot.actuator.v1+json || application/json]}" onto public java.lang.Object org.springframework.boot.actuate.endpoint.mvc.EndpointMvcAdapter.invoke()
2017-11-16 02:35:08.794  INFO 7672 --- [    Test worker] o.s.b.a.e.mvc.EndpointHandlerMapping     : Mapped "{[/env/{name:.*}],methods=[GET],produces=[application/vnd.spring-boot.actuator.v1+json || application/json]}" onto public java.lang.Object org.springframework.boot.actuate.endpoint.mvc.EnvironmentMvcEndpoint.value(java.lang.String)
2017-11-16 02:35:08.794  INFO 7672 --- [    Test worker] o.s.b.a.e.mvc.EndpointHandlerMapping     : Mapped "{[/env || /env.json],methods=[GET],produces=[application/vnd.spring-boot.actuator.v1+json || application/json]}" onto public java.lang.Object org.springframework.boot.actuate.endpoint.mvc.EndpointMvcAdapter.invoke()
2017-11-16 02:35:08.794  INFO 7672 --- [    Test worker] o.s.b.a.e.mvc.EndpointHandlerMapping     : Mapped "{[/trace || /trace.json],methods=[GET],produces=[application/vnd.spring-boot.actuator.v1+json || application/json]}" onto public java.lang.Object org.springframework.boot.actuate.endpoint.mvc.EndpointMvcAdapter.invoke()
2017-11-16 02:35:08.794  INFO 7672 --- [    Test worker] o.s.b.a.e.mvc.EndpointHandlerMapping     : Mapped "{[/dump || /dump.json],methods=[GET],produces=[application/vnd.spring-boot.actuator.v1+json || application/json]}" onto public java.lang.Object org.springframework.boot.actuate.endpoint.mvc.EndpointMvcAdapter.invoke()
2017-11-16 02:35:08.991  INFO 7672 --- [    Test worker] s.w.s.m.m.a.RequestMappingHandlerAdapter : Looking for @ControllerAdvice: org.springframework.web.context.support.GenericWebApplicationContext@725e4daf: startup date [Thu Nov 16 02:35:05 IST 2017]; root of context hierarchy
2017-11-16 02:35:09.052  INFO 7672 --- [    Test worker] .m.m.a.ExceptionHandlerExceptionResolver : Detected @ExceptionHandler methods in exceptionControllerAdvice
2017-11-16 02:35:09.107  INFO 7672 --- [    Test worker] o.s.t.web.servlet.TestDispatcherServlet  : FrameworkServlet '': initialization completed in 876 ms
2017-11-16 02:35:09.446  INFO 7672 --- [    Test worker] c.d.r.api.RetailManagerControllerTest    : Started RetailManagerControllerTest in 3.979 seconds (JVM running for 5.225)
]]></system-out>
  <system-err><![CDATA[]]></system-err>
</testsuite>
